This is pdfTeX, Version 3.14159265-2.6-1.40.20 (MiKTeX 2.9.7140 64-bit) (preloaded format=pdflatex 2019.8.29)  30 JUN 2020 05:23
entering extended mode
**"c:/Users/gsanh/Desktop/Memoria/documentacion/Documento de requisitos/doc.tex"
("c:/Users/gsanh/Desktop/Memoria/documentacion/Documento de requisitos/doc.tex"
LaTeX2e <2018-12-01>
(especificacion.cls
Document Class: especificacion 2005/01/19 v1 Estilo Memoria de Titulo - ICC - UTalca (fmeza, jperez)
("G:\MiKTeX 2.9\tex/latex/base\report.cls"
Document Class: report 2018/09/03 v1.4i Standard LaTeX document class
("G:\MiKTeX 2.9\tex/latex/base\fleqn.clo"
File: fleqn.clo 2016/12/29 v1.2b Standard LaTeX option (flush left equations)
\mathindent=\dimen102
Applying: [2015/01/01] Make \[ robust on input line 50.
LaTeX Info: Redefining \[ on input line 51.
Already applied: [0000/00/00] Make \[ robust on input line 62.
Applying: [2015/01/01] Make \] robust on input line 74.
LaTeX Info: Redefining \] on input line 75.
Already applied: [0000/00/00] Make \] robust on input line 83.
) ("G:\MiKTeX 2.9\tex/latex/base\size12.clo"
File: size12.clo 2018/09/03 v1.4i Standard LaTeX file (size option)
)
\c@part=\count80
\c@chapter=\count81
\c@section=\count82
\c@subsection=\count83
\c@subsubsection=\count84
\c@paragraph=\count85
\c@subparagraph=\count86
\c@figure=\count87
\c@table=\count88
\abovecaptionskip=\skip41
\belowcaptionskip=\skip42
\bibindent=\dimen103
) ("G:\MiKTeX 2.9\tex/latex/l3packages/xparse\xparse.sty" ("G:\MiKTeX 2.9\tex/latex/l3kernel\expl3.sty"
Package: expl3 2020-06-18 L3 programming layer (loader) 
 ("G:\MiKTeX 2.9\tex/latex/l3kernel\expl3-code.tex"
Package: expl3 2020-06-18 L3 programming layer (code)
\c_max_int=\count89
\l_tmpa_int=\count90
\l_tmpb_int=\count91
\g_tmpa_int=\count92
\g_tmpb_int=\count93
\l__seq_internal_a_int=\count94
\l__seq_internal_b_int=\count95
\g__kernel_prg_map_int=\count96
\c__ior_term_noprompt_ior=\count97
\c_log_iow=\count98
\l_iow_line_count_int=\count99
\l__iow_line_target_int=\count100
\l__iow_one_indent_int=\count101
\l__iow_indent_int=\count102
\c_zero_dim=\dimen104
\c_max_dim=\dimen105
\l_tmpa_dim=\dimen106
\l_tmpb_dim=\dimen107
\g_tmpa_dim=\dimen108
\g_tmpb_dim=\dimen109
\c_zero_skip=\skip43
\c_max_skip=\skip44
\l_tmpa_skip=\skip45
\l_tmpb_skip=\skip46
\g_tmpa_skip=\skip47
\g_tmpb_skip=\skip48
\c_zero_muskip=\muskip10
\c_max_muskip=\muskip11
\l_tmpa_muskip=\muskip12
\l_tmpb_muskip=\muskip13
\g_tmpa_muskip=\muskip14
\g_tmpb_muskip=\muskip15
\l_keys_choice_int=\count103
\l__intarray_loop_int=\count104
\c__intarray_sp_dim=\dimen110
\g__intarray_font_int=\count105
\c__fp_leading_shift_int=\count106
\c__fp_middle_shift_int=\count107
\c__fp_trailing_shift_int=\count108
\c__fp_big_leading_shift_int=\count109
\c__fp_big_middle_shift_int=\count110
\c__fp_big_trailing_shift_int=\count111
\c__fp_Bigg_leading_shift_int=\count112
\c__fp_Bigg_middle_shift_int=\count113
\c__fp_Bigg_trailing_shift_int=\count114
\c__kernel_randint_max_int=\count115
\g__fp_array_int=\count116
\l__fp_array_loop_int=\count117
\l__sort_length_int=\count118
\l__sort_min_int=\count119
\l__sort_top_int=\count120
\l__sort_max_int=\count121
\l__sort_true_max_int=\count122
\l__sort_block_int=\count123
\l__sort_begin_int=\count124
\l__sort_end_int=\count125
\l__sort_A_int=\count126
\l__sort_B_int=\count127
\l__sort_C_int=\count128
\l__str_internal_int=\count129
\c__str_replacement_char_int=\count130
\l__tl_analysis_normal_int=\count131
\l__tl_analysis_index_int=\count132
\l__tl_analysis_nesting_int=\count133
\l__tl_analysis_type_int=\count134
\l__regex_internal_a_int=\count135
\l__regex_internal_b_int=\count136
\l__regex_internal_c_int=\count137
\l__regex_balance_int=\count138
\l__regex_group_level_int=\count139
\l__regex_mode_int=\count140
\c__regex_cs_in_class_mode_int=\count141
\c__regex_cs_mode_int=\count142
\l__regex_catcodes_int=\count143
\l__regex_default_catcodes_int=\count144
\c__regex_catcode_D_int=\count145
\c__regex_catcode_S_int=\count146
\c__regex_catcode_L_int=\count147
\c__regex_catcode_O_int=\count148
\c__regex_catcode_A_int=\count149
\c__regex_all_catcodes_int=\count150
\l__regex_show_lines_int=\count151
\l__regex_min_state_int=\count152
\l__regex_max_state_int=\count153
\l__regex_left_state_int=\count154
\l__regex_right_state_int=\count155
\l__regex_capturing_group_int=\count156
\l__regex_min_pos_int=\count157
\l__regex_max_pos_int=\count158
\l__regex_curr_pos_int=\count159
\l__regex_start_pos_int=\count160
\l__regex_success_pos_int=\count161
\l__regex_curr_char_int=\count162
\l__regex_curr_catcode_int=\count163
\l__regex_last_char_int=\count164
\l__regex_case_changed_char_int=\count165
\l__regex_curr_state_int=\count166
\l__regex_step_int=\count167
\l__regex_min_active_int=\count168
\l__regex_max_active_int=\count169
\l__regex_replacement_csnames_int=\count170
\l__regex_match_count_int=\count171
\l__regex_min_submatch_int=\count172
\l__regex_submatch_int=\count173
\l__regex_zeroth_submatch_int=\count174
\g__regex_trace_regex_int=\count175
\c_empty_box=\box27
\l_tmpa_box=\box28
\l_tmpb_box=\box29
\g_tmpa_box=\box30
\g_tmpb_box=\box31
\l__box_top_dim=\dimen111
\l__box_bottom_dim=\dimen112
\l__box_left_dim=\dimen113
\l__box_right_dim=\dimen114
\l__box_top_new_dim=\dimen115
\l__box_bottom_new_dim=\dimen116
\l__box_left_new_dim=\dimen117
\l__box_right_new_dim=\dimen118
\l__box_internal_box=\box32
\l__coffin_internal_box=\box33
\l__coffin_internal_dim=\dimen119
\l__coffin_offset_x_dim=\dimen120
\l__coffin_offset_y_dim=\dimen121
\l__coffin_x_dim=\dimen122
\l__coffin_y_dim=\dimen123
\l__coffin_x_prime_dim=\dimen124
\l__coffin_y_prime_dim=\dimen125
\c_empty_coffin=\box34
\l__coffin_aligned_coffin=\box35
\l__coffin_aligned_internal_coffin=\box36
\l_tmpa_coffin=\box37
\l_tmpb_coffin=\box38
\g_tmpa_coffin=\box39
\g_tmpb_coffin=\box40
\l__coffin_bounding_shift_dim=\dimen126
\l__coffin_left_corner_dim=\dimen127
\l__coffin_right_corner_dim=\dimen128
\l__coffin_bottom_corner_dim=\dimen129
\l__coffin_top_corner_dim=\dimen130
\l__coffin_scaled_total_height_dim=\dimen131
\l__coffin_scaled_width_dim=\dimen132
\c__coffin_empty_coffin=\box41
\l__coffin_display_coffin=\box42
\l__coffin_display_coord_coffin=\box43
\l__coffin_display_pole_coffin=\box44
\l__coffin_display_offset_dim=\dimen133
\l__coffin_display_x_dim=\dimen134
\l__coffin_display_y_dim=\dimen135
\g__char_data_ior=\read1
 ("G:\MiKTeX 2.9\tex/latex/l3kernel\l3deprecation.def"
File: l3deprecation.def 2019-04-06 v L3 Deprecated functions
)) ("G:\MiKTeX 2.9\tex/latex/l3backend\l3backend-pdfmode.def"
File: l3backend-pdfmode.def 2020-06-23 L3 backend support: PDF mode
\l__kernel_color_stack_int=\count176
\l__pdf_internal_box=\box45
))
Package: xparse 2020-05-15 L3 Experimental document command parser
 ("G:\MiKTeX 2.9\tex/latex/l3packages/xparse\xparse-generic.tex"
\l__xparse_current_arg_int=\count177
\g__xparse_grabber_int=\count178
\l__xparse_m_args_int=\count179
\l__xparse_v_nesting_int=\count180
)) ("G:\MiKTeX 2.9\tex/latex/base\inputenc.sty"
Package: inputenc 2018/08/11 v1.3c Input encoding file
\inpenc@prehook=\toks14
\inpenc@posthook=\toks15
 ("G:\MiKTeX 2.9\tex/latex/base\latin1.def"
File: latin1.def 2018/08/11 v1.3c Input encoding file
)) ("G:\MiKTeX 2.9\tex/generic/babel\babel.sty"
Package: babel 2019/07/19 3.33 The Babel package
 ("G:\MiKTeX 2.9\tex/generic/babel\switch.def"
File: switch.def 2019/07/19 3.33 Babel switching mechanism
)
*************************************
* Local config file bblopts.cfg used
*
("G:\MiKTeX 2.9\tex/latex/arabi\bblopts.cfg"
File: bblopts.cfg 2005/09/08 v0.1 add Arabic and Farsi to "declared" options of babel
) ("G:\MiKTeX 2.9\tex/latex/babel-english\english.ldf"
Language: english 2017/06/06 v3.3r English support from the babel system
 ("G:\MiKTeX 2.9\tex/generic/babel\babel.def"
File: babel.def 2019/07/19 3.33 Babel common definitions
\babel@savecnt=\count181
\U@D=\dimen136
 ("G:\MiKTeX 2.9\tex/generic/babel\txtbabel.def")
\bbl@dirlevel=\count182
)
\l@canadian = a dialect from \language\l@american 
\l@australian = a dialect from \language\l@british 
\l@newzealand = a dialect from \language\l@british 
) ("G:\MiKTeX 2.9\tex/latex/babel-spanish\spanish.ldf"
Language: spanish.ldf 2016/03/03 v5.0p Spanish support from the babel system
\es@quottoks=\toks16
\es@quotdepth=\count183
Package babel Info: Making " an active character on input line 561.
Package babel Info: Making . an active character on input line 662.
Package babel Info: Making < an active character on input line 707.
Package babel Info: Making > an active character on input line 707.
)) ("G:\MiKTeX 2.9\tex/latex/graphics\graphicx.sty"
Package: graphicx 2017/06/01 v1.1a Enhanced LaTeX Graphics (DPC,SPQR)
 ("G:\MiKTeX 2.9\tex/latex/graphics\keyval.sty"
Package: keyval 2014/10/28 v1.15 key=value parser (DPC)
\KV@toks@=\toks17
) ("G:\MiKTeX 2.9\tex/latex/graphics\graphics.sty"
Package: graphics 2017/06/25 v1.2c Standard LaTeX Graphics (DPC,SPQR)
 ("G:\MiKTeX 2.9\tex/latex/graphics\trig.sty"
Package: trig 2016/01/03 v1.10 sin cos tan (DPC)
) ("G:\MiKTeX 2.9\tex/latex/graphics-cfg\graphics.cfg"
File: graphics.cfg 2016/06/04 v1.11 sample graphics configuration
)
Package graphics Info: Driver file: pdftex.def on input line 99.
 ("G:\MiKTeX 2.9\tex/latex/graphics-def\pdftex.def"
File: pdftex.def 2018/01/08 v1.0l Graphics/color driver for pdftex
))
\Gin@req@height=\dimen137
\Gin@req@width=\dimen138
) ("G:\MiKTeX 2.9\tex/latex/setspace\setspace.sty"
Package: setspace 2011/12/19 v6.7a set line spacing
)
LaTeX Info: Redefining \. on input line 17.
LaTeX Info: Redefining \% on input line 17.
\realleftmargin=\dimen139
\realrightmargin=\dimen140
\realtopmargin=\dimen141
\realbottommargin=\dimen142
\realheadpos=\dimen143
) ("G:\MiKTeX 2.9\tex/latex/algorithm2e\algorithm2e.sty"
Package: algorithm2e 2017/07/18 v5.2 algorithms environments
\c@AlgoLine=\count184
 ("G:\MiKTeX 2.9\tex/latex/base\ifthen.sty"
Package: ifthen 2014/09/29 v1.1c Standard LaTeX ifthen package (DPC)
)
\algocf@hangindent=\skip49
 ("G:\MiKTeX 2.9\tex/latex/ifoddpage\ifoddpage.sty"
Package: ifoddpage 2016/04/23 v1.1 Conditionals for odd/even page detection
\c@checkoddpage=\count185
) ("G:\MiKTeX 2.9\tex/latex/tools\xspace.sty"
Package: xspace 2014/10/28 v1.13 Space after command names (DPC,MH)
) ("G:\MiKTeX 2.9\tex/latex/relsize\relsize.sty"
Package: relsize 2013/03/29 ver 4.1
)
\skiptotal=\skip50
\skiplinenumber=\skip51
\skiprule=\skip52
\skiphlne=\skip53
\skiptext=\skip54
\skiplength=\skip55
\algomargin=\skip56
\skipalgocfslide=\skip57
\algowidth=\dimen144
\inoutsize=\dimen145
\inoutindent=\dimen146
\interspacetitleruled=\dimen147
\interspacealgoruled=\dimen148
\interspacetitleboxruled=\dimen149
\algocf@ruledwidth=\skip58
\algocf@inoutbox=\box46
\algocf@inputbox=\box47
\AlCapSkip=\skip59
\AlCapHSkip=\skip60
\algoskipindent=\skip61
\algocf@nlbox=\box48
\algocf@hangingbox=\box49
\algocf@untilbox=\box50
\algocf@skipuntil=\skip62
\algocf@capbox=\box51
\algocf@lcaptionbox=\skip63
\algoheightruledefault=\skip64
\algoheightrule=\skip65
\algotitleheightruledefault=\skip66
\algotitleheightrule=\skip67
\c@algocfline=\count186
\c@algocfproc=\count187
\c@algocf=\count188
\algocf@algoframe=\box52
\algocf@algobox=\box53
) ("G:\MiKTeX 2.9\tex/latex/microtype\microtype.sty"
Package: microtype 2019/11/18 v2.7d Micro-typographical refinements (RS)
\MT@toks=\toks18
\MT@count=\count189
LaTeX Info: Redefining \textls on input line 790.
\MT@outer@kern=\dimen150
LaTeX Info: Redefining \textmicrotypecontext on input line 1354.
\MT@listname@count=\count190
 ("G:\MiKTeX 2.9\tex/latex/microtype\microtype-pdftex.def"
File: microtype-pdftex.def 2019/11/18 v2.7d Definitions specific to pdftex (RS)
LaTeX Info: Redefining \lsstyle on input line 914.
LaTeX Info: Redefining \lslig on input line 914.
\MT@outer@space=\skip68
)
Package microtype Info: Loading configuration file microtype.cfg.
 ("G:\MiKTeX 2.9\tex/latex/microtype\microtype.cfg"
File: microtype.cfg 2019/11/18 v2.7d microtype main configuration file (RS)
)) ("G:\MiKTeX 2.9\tex/latex/pdfpages\pdfpages.sty"
Package: pdfpages 2019/12/17 v0.5p Insert pages of external PDF documents (AM)
 ("G:\MiKTeX 2.9\tex/latex/tools\calc.sty"
Package: calc 2017/05/25 v4.3 Infix arithmetic (KKT,FJ)
\calc@Acount=\count191
\calc@Bcount=\count192
\calc@Adimen=\dimen151
\calc@Bdimen=\dimen152
\calc@Askip=\skip69
\calc@Bskip=\skip70
LaTeX Info: Redefining \setlength on input line 80.
LaTeX Info: Redefining \addtolength on input line 81.
\calc@Ccount=\count193
\calc@Cskip=\skip71
) ("G:\MiKTeX 2.9\tex/latex/eso-pic\eso-pic.sty"
Package: eso-pic 2018/04/12 v2.0h eso-pic (RN)
 ("G:\MiKTeX 2.9\tex/generic/oberdiek\atbegshi.sty"
Package: atbegshi 2016/06/09 v1.18 At begin shipout hook (HO)
 ("G:\MiKTeX 2.9\tex/generic/oberdiek\infwarerr.sty"
Package: infwarerr 2016/05/16 v1.4 Providing info/warning/error messages (HO)
) ("G:\MiKTeX 2.9\tex/generic/oberdiek\ltxcmds.sty"
Package: ltxcmds 2016/05/16 v1.23 LaTeX kernel commands for general use (HO)
) ("G:\MiKTeX 2.9\tex/generic/oberdiek\ifpdf.sty"
Package: ifpdf 2018/09/07 v3.3 Provides the ifpdf switch
)) ("G:\MiKTeX 2.9\tex/latex/xcolor\xcolor.sty"
Package: xcolor 2016/05/11 v2.12 LaTeX color extensions (UK)
 ("G:\MiKTeX 2.9\tex/latex/graphics-cfg\color.cfg"
File: color.cfg 2016/01/02 v1.6 sample color configuration
)
Package xcolor Info: Driver file: pdftex.def on input line 225.
Package xcolor Info: Model `cmy' substituted by `cmy0' on input line 1348.
Package xcolor Info: Model `hsb' substituted by `rgb' on input line 1352.
Package xcolor Info: Model `RGB' extended on input line 1364.
Package xcolor Info: Model `HTML' substituted by `rgb' on input line 1366.
Package xcolor Info: Model `Hsb' substituted by `hsb' on input line 1367.
Package xcolor Info: Model `tHsb' substituted by `hsb' on input line 1368.
Package xcolor Info: Model `HSB' substituted by `hsb' on input line 1369.
Package xcolor Info: Model `Gray' substituted by `gray' on input line 1370.
Package xcolor Info: Model `wave' substituted by `hsb' on input line 1371.
))
\AM@pagewidth=\dimen153
\AM@pageheight=\dimen154
 ("G:\MiKTeX 2.9\tex/latex/pdfpages\pppdftex.def"
File: pppdftex.def 2019/12/17 v0.5p Pdfpages driver for pdfTeX (AM)
)
\AM@pagebox=\box54
\AM@global@opts=\toks19
\AM@toc@title=\toks20
\c@AM@survey=\count194
\AM@templatesizebox=\box55
) ("G:\MiKTeX 2.9\tex/latex/amsfonts\amsfonts.sty"
Package: amsfonts 2013/01/14 v3.01 Basic AMSFonts support
\@emptytoks=\toks21
\symAMSa=\mathgroup4
\symAMSb=\mathgroup5
LaTeX Font Info:    Overwriting math alphabet `\mathfrak' in version `bold'
(Font)                  U/euf/m/n --> U/euf/b/n on input line 106.
) ("G:\MiKTeX 2.9\tex/latex/amsfonts\amssymb.sty"
Package: amssymb 2013/01/14 v3.01 AMS font symbols
) ("G:\MiKTeX 2.9\tex/latex/tools\array.sty"
Package: array 2018/12/30 v2.4k Tabular extension package (FMi)
\col@sep=\dimen155
\ar@mcellbox=\box56
\extrarowheight=\dimen156
\NC@list=\toks22
\extratabsurround=\skip72
\backup@length=\skip73
\ar@cellbox=\box57
) ("G:\MiKTeX 2.9\tex/latex/tools\longtable.sty"
Package: longtable 2014/10/28 v4.11 Multi-page Table package (DPC)+ FMi change
\LTleft=\skip74
\LTright=\skip75
\LTpre=\skip76
\LTpost=\skip77
\LTchunksize=\count195
\LTcapwidth=\dimen157
\LT@head=\box58
\LT@firsthead=\box59
\LT@foot=\box60
\LT@lastfoot=\box61
\LT@cols=\count196
\LT@rows=\count197
\c@LT@tables=\count198
\c@LT@chunks=\count199
\LT@p@ftn=\toks23
) ("G:\MiKTeX 2.9\tex/latex/float\float.sty"
Package: float 2001/11/08 v1.3d Float enhancements (AL)
\c@float@type=\count266
\float@exts=\toks24
\float@box=\box62
\@float@everytoks=\toks25
\@floatcapt=\box63
) (especificacionutility.sty
Package: especificacionutility 2020/06/25 Custom Utility Package
 ("G:\MiKTeX 2.9\tex/latex/tools\tabularx.sty"
Package: tabularx 2016/02/03 v2.11b `tabularx' package (DPC)
\TX@col@width=\dimen158
\TX@old@table=\dimen159
\TX@old@col=\dimen160
\TX@target=\dimen161
\TX@delta=\dimen162
\TX@cols=\count267
\TX@ftn=\toks26
) ("G:\MiKTeX 2.9\tex/latex/multirow\multirow.sty"
Package: multirow 2019/05/31 v2.5 Span multiple rows of a table
\multirow@colwidth=\skip78
\multirow@cntb=\count268
\multirow@dima=\skip79
\bigstrutjot=\dimen163
)) ("G:\MiKTeX 2.9\tex/latex/adjustbox\adjustbox.sty"
Package: adjustbox 2019/01/04 v1.2 Adjusting TeX boxes (trim, clip, ...)
 ("G:\MiKTeX 2.9\tex/latex/xkeyval\xkeyval.sty"
Package: xkeyval 2014/12/03 v2.7a package option processing (HA)
 ("G:\MiKTeX 2.9\tex/generic/xkeyval\xkeyval.tex" ("G:\MiKTeX 2.9\tex/generic/xkeyval\xkvutils.tex"
\XKV@toks=\toks27
\XKV@tempa@toks=\toks28
)
\XKV@depth=\count269
File: xkeyval.tex 2014/12/03 v2.7a key=value parser (HA)
)) ("G:\MiKTeX 2.9\tex/latex/adjustbox\adjcalc.sty"
Package: adjcalc 2012/05/16 v1.1 Provides advanced setlength with multiple back-ends (calc, etex, pgfmath)
) ("G:\MiKTeX 2.9\tex/latex/adjustbox\trimclip.sty"
Package: trimclip 2018/04/08 v1.1 Trim and clip general TeX material
 ("G:\MiKTeX 2.9\tex/latex/collectbox\collectbox.sty"
Package: collectbox 2012/05/17 v0.4b Collect macro arguments as boxes
\collectedbox=\box64
)
\tc@llx=\dimen164
\tc@lly=\dimen165
\tc@urx=\dimen166
\tc@ury=\dimen167
Package trimclip Info: Using driver 'tc-pdftex.def'.
 ("G:\MiKTeX 2.9\tex/latex/adjustbox\tc-pdftex.def"
File: tc-pdftex.def 2019/01/04 v2.2 Clipping driver for pdftex
))
\adjbox@Width=\dimen168
\adjbox@Height=\dimen169
\adjbox@Depth=\dimen170
\adjbox@Totalheight=\dimen171
\adjbox@pwidth=\dimen172
\adjbox@pheight=\dimen173
\adjbox@pdepth=\dimen174
\adjbox@ptotalheight=\dimen175
 ("G:\MiKTeX 2.9\tex/latex/varwidth\varwidth.sty"
Package: varwidth 2009/03/30 ver 0.92;  Variable-width minipages
\@vwid@box=\box65
\sift@deathcycles=\count270
\@vwid@loff=\dimen176
\@vwid@roff=\dimen177
)) ("c:/Users\gsanh\Desktop\Memoria\documentacion\Documento de requisitos\build\doc.aux"
LaTeX Info: Redefining \. on input line 7.
LaTeX Info: Redefining \% on input line 7.
LaTeX Info: Redefining \. on input line 9.
LaTeX Info: Redefining \% on input line 9.
)
\openout1 = `doc.aux'.

LaTeX Font Info:    Checking defaults for OML/cmm/m/it on input line 23.
LaTeX Font Info:    ... okay on input line 23.
LaTeX Font Info:    Checking defaults for T1/cmr/m/n on input line 23.
LaTeX Font Info:    ... okay on input line 23.
LaTeX Font Info:    Checking defaults for OT1/cmr/m/n on input line 23.
LaTeX Font Info:    ... okay on input line 23.
LaTeX Font Info:    Checking defaults for OMS/cmsy/m/n on input line 23.
LaTeX Font Info:    ... okay on input line 23.
LaTeX Font Info:    Checking defaults for OMX/cmex/m/n on input line 23.
LaTeX Font Info:    ... okay on input line 23.
LaTeX Font Info:    Checking defaults for U/cmr/m/n on input line 23.
LaTeX Font Info:    ... okay on input line 23.
LaTeX Info: Redefining \. on input line 23.
LaTeX Info: Redefining \% on input line 23.
 ("G:\MiKTeX 2.9\tex/context/base/mkii\supp-pdf.mkii"
[Loading MPS to PDF converter (version 2006.09.02).]
\scratchcounter=\count271
\scratchdimen=\dimen178
\scratchbox=\box66
\nofMPsegments=\count272
\nofMParguments=\count273
\everyMPshowfont=\toks29
\MPscratchCnt=\count274
\MPscratchDim=\dimen179
\MPnumerator=\count275
\makeMPintoPDFobject=\count276
\everyMPtoPDFconversion=\toks30
) ("G:\MiKTeX 2.9\tex/latex/oberdiek\epstopdf-base.sty"
Package: epstopdf-base 2016/05/15 v2.6 Base part for package epstopdf
 ("G:\MiKTeX 2.9\tex/latex/oberdiek\grfext.sty"
Package: grfext 2016/05/16 v1.2 Manage graphics extensions (HO)
 ("G:\MiKTeX 2.9\tex/generic/oberdiek\kvdefinekeys.sty"
Package: kvdefinekeys 2016/05/16 v1.4 Define keys (HO)
)) ("G:\MiKTeX 2.9\tex/latex/oberdiek\kvoptions.sty"
Package: kvoptions 2016/05/16 v3.12 Key value format for package options (HO)
 ("G:\MiKTeX 2.9\tex/generic/oberdiek\kvsetkeys.sty"
Package: kvsetkeys 2016/05/16 v1.17 Key value parser (HO)
 ("G:\MiKTeX 2.9\tex/generic/oberdiek\etexcmds.sty"
Package: etexcmds 2016/05/16 v1.6 Avoid name clashes with e-TeX commands (HO)
 ("G:\MiKTeX 2.9\tex/generic/oberdiek\ifluatex.sty"
Package: ifluatex 2016/05/16 v1.4 Provides the ifluatex switch (HO)
Package ifluatex Info: LuaTeX not detected.
)))) ("G:\MiKTeX 2.9\tex/latex/pdftexcmds\pdftexcmds.sty"
Package: pdftexcmds 2020-06-04 v0.32 Utility functions of pdfTeX for LuaTeX (HO)
 ("G:\MiKTeX 2.9\tex/generic/iftex\iftex.sty"
Package: iftex 2020/03/06 v1.0d TeX engine tests
)
Package pdftexcmds Info: \pdf@primitive is available.
Package pdftexcmds Info: \pdf@ifprimitive is available.
Package pdftexcmds Info: \pdfdraftmode found.
)
Package epstopdf-base Info: Redefining graphics rule for `.eps' on input line 438.
Package grfext Info: Graphics extension search list:
(grfext)             [.pdf,.png,.jpg,.mps,.jpeg,.jbig2,.jb2,.PDF,.PNG,.JPG,.JPEG,.JBIG2,.JB2,.eps]
(grfext)             \AppendGraphicsExtensions on input line 456.
)
LaTeX Info: Redefining \microtypecontext on input line 23.
Package microtype Info: Generating PDF output.
Package microtype Info: Character protrusion enabled (level 2).
Package microtype Info: Using default protrusion set `alltext'.
Package microtype Info: Automatic font expansion enabled (level 2),
(microtype)             stretch: 20, shrink: 20, step: 1, non-selected.
Package microtype Info: Using default expansion set `basictext'.
Package microtype Info: No adjustment of tracking.
Package microtype Info: No adjustment of interword spacing.
Package microtype Info: Adjustment of character kerning enabled.
Package microtype Info: Using default kerning set `alltext'.
 ("G:\MiKTeX 2.9\tex/latex/microtype\mt-cmr.cfg"
File: mt-cmr.cfg 2013/05/19 v2.2 microtype config. file: Computer Modern Roman (RS)
)
\AtBeginShipoutBox=\box67
 ("G:\MiKTeX 2.9\tex/latex/oberdiek\pdflscape.sty"
Package: pdflscape 2016/05/14 v0.11 Display of landscape pages in PDF (HO)
 ("G:\MiKTeX 2.9\tex/latex/graphics\lscape.sty"
Package: lscape 2000/10/22 v3.01 Landscape Pages (DPC)
)
Package pdflscape Info: Auto-detected driver: pdftex on input line 81.
 ("G:\MiKTeX 2.9\tex/generic/ifxetex\ifxetex.sty"
Package: ifxetex 2010/09/12 v0.6 Provides ifxetex conditional
))
Package epstopdf Info: Source file: <utalca1.eps>
(epstopdf)                    date: 2019-11-30 01:33:06
(epstopdf)                    size: 24156 bytes
(epstopdf)             Output file: <utalca1-eps-converted-to.pdf>
(epstopdf)                    date: 2020-06-24 22:44:55
(epstopdf)                    size: 9271 bytes
(epstopdf)             Command: <epstopdf --outfile=utalca1-eps-converted-to.pdf utalca1.eps>
(epstopdf)             \includegraphics on input line 26.
Package epstopdf Info: Output file is already uptodate.


pdfTeX warning: pdflatex (file ./utalca1-eps-converted-to.pdf): PDF inclusion: found PDF version <1.7>, but at most version <1.5> allowed
<utalca1-eps-converted-to.pdf, id=1, 107.40125pt x 135.50626pt>
File: utalca1-eps-converted-to.pdf Graphic file (type pdf)
<use utalca1-eps-converted-to.pdf>
Package pdftex.def Info: utalca1-eps-converted-to.pdf  used on input line 26.
(pdftex.def)             Requested size: 107.40097pt x 135.5059pt.
[-1


Non-PDF special ignored!
<special> papersize=8.5in,11in
{C:/Users/gsanh/AppData/Local/MiKTeX/2.9/pdftex/config/pdftex.map} <./utalca1-eps-converted-to.pdf>]
LaTeX Font Info:    Try loading font information for U+msa on input line 37.
 ("G:\MiKTeX 2.9\tex/latex/amsfonts\umsa.fd"
File: umsa.fd 2013/01/14 v3.01 AMS symbols A
) ("G:\MiKTeX 2.9\tex/latex/microtype\mt-msa.cfg"
File: mt-msa.cfg 2006/02/04 v1.1 microtype config. file: AMS symbols (a) (RS)
)
LaTeX Font Info:    Try loading font information for U+msb on input line 37.
 ("G:\MiKTeX 2.9\tex/latex/amsfonts\umsb.fd"
File: umsb.fd 2013/01/14 v3.01 AMS symbols B
) ("G:\MiKTeX 2.9\tex/latex/microtype\mt-msb.cfg"
File: mt-msb.cfg 2005/06/01 v1.0 microtype config. file: AMS symbols (b) (RS)
)
Underfull \hbox (badness 1648) in paragraph at lines 37--37
\OT1/cmr/m/n/12 (+20) Di-se~nador, Im-ple-men-ta-
 []


Overfull \hbox (3.15234pt too wide) in paragraph at lines 37--37
[]|\OT1/cmr/m/n/12 (-20) gsanhueza15@alumnos .utal-
 []


Overfull \hbox (8.00233pt too wide) in paragraph at lines 37--37
[][] 
 []


Underfull \hbox (badness 1137) in paragraph at lines 37--37
[]|\OT1/cmr/m/n/12 (+20) Jimmy H. Gu-tierrez-
 []


Underfull \hbox (badness 1137) in paragraph at lines 37--37
[]|\OT1/cmr/m/n/12 (+20) Jimmy H. Gu-tierrez-
 []


Overfull \hbox (8.00233pt too wide) in paragraph at lines 37--37
[][] 
 []


Overfull \hbox (7.76642pt too wide) in paragraph at lines 37--37
[][] 
 []

[0] ("c:/Users\gsanh\Desktop\Memoria\documentacion\Documento de requisitos\build\doc.toc"
LaTeX Info: Redefining \. on input line 1.
LaTeX Info: Redefining \% on input line 1.
LaTeX Info: Redefining \. on input line 2.
LaTeX Info: Redefining \% on input line 2.


LaTeX Font Warning: Font shape `OT1/cmr/bx/sc' undefined
(Font)              using `OT1/cmr/bx/n' instead on input line 3.


Package spanish Warning: Replacing `OT1/cmr/bx/sc' by 
(spanish)                faked small caps on input line 3.

)
\tf@toc=\write3
\openout3 = `doc.toc'.

 [1] (Capitulo1/Introduccion.tex
Cap\'{\i }tulo 1.

Underfull \hbox (badness 10000) detected at line 1
\OT1/cmr/bx/n/24.88 1.
 []

(Capitulo1/proposito_del_sistema.tex) (Capitulo1/alcance_del_proyecto.tex [2

]) (Capitulo1/contexto_del_proyecto.tex
LaTeX Info: Redefining \. on input line 11.
LaTeX Info: Redefining \% on input line 11.
 [3]) (Capitulo1/definiciones.tex) (Capitulo1/referencias.tex ("c:/Users\gsanh\Desktop\Memoria\documentacion\Documento de requisitos\build\doc.bbl"

LaTeX Warning: Empty `thebibliography' environment on input line 1.

))) (Capitulo2/DescripcionGeneral.tex
LaTeX Info: Redefining \. on input line 1.
LaTeX Info: Redefining \% on input line 1.
 [4]
Cap\'{\i }tulo 2.

Underfull \hbox (badness 10000) detected at line 1
\OT1/cmr/bx/n/24.88 2.
 []

(Capitulo2/caracteristicas_usuario.tex) (Capitulo2/ambiente_operacional.tex) (Capitulo2/relacion_con_otros_proyectos.tex [5

]) (Capitulo2/restricciones_generales.tex)) (Capitulo3/Requisitos.tex
LaTeX Info: Redefining \. on input line 1.
LaTeX Info: Redefining \% on input line 1.
 [6]
Cap\'{\i }tulo 3.

Underfull \hbox (badness 10000) detected at line 1
\OT1/cmr/bx/n/24.88 3.
 []

(Capitulo3/ru.tex
Overfull \hbox (8.77965pt too wide) in paragraph at lines 6--16
 [] 
 []


Overfull \hbox (8.77965pt too wide) in paragraph at lines 19--29
 [] 
 []

[7

]
Overfull \hbox (8.77965pt too wide) in paragraph at lines 32--42
 [] 
 []


Overfull \hbox (8.77965pt too wide) in paragraph at lines 45--55
 [] 
 []

LaTeX Info: Redefining \. on input line 56.
LaTeX Info: Redefining \% on input line 56.
[8]
Overfull \hbox (8.77965pt too wide) in paragraph at lines 58--68
 [] 
 []


Overfull \hbox (8.77965pt too wide) in paragraph at lines 71--81
 [] 
 []

LaTeX Info: Redefining \. on input line 82.
LaTeX Info: Redefining \% on input line 82.
[9]
Overfull \hbox (8.77965pt too wide) in paragraph at lines 84--94
 [] 
 []


Overfull \hbox (8.77965pt too wide) in paragraph at lines 97--107
 [] 
 []

LaTeX Info: Redefining \. on input line 108.
LaTeX Info: Redefining \% on input line 108.
[10]
Overfull \hbox (8.77965pt too wide) in paragraph at lines 110--121
 [] 
 []


Overfull \hbox (8.77965pt too wide) in paragraph at lines 125--142
 [] 
 []

LaTeX Info: Redefining \. on input line 143.
LaTeX Info: Redefining \% on input line 143.
[11]
Overfull \hbox (8.77965pt too wide) in paragraph at lines 146--155
 [] 
 []

LaTeX Info: Redefining \. on input line 156.
LaTeX Info: Redefining \% on input line 156.
[12]
Overfull \hbox (8.77965pt too wide) in paragraph at lines 158--168
 [] 
 []

LaTeX Info: Redefining \. on input line 169.
LaTeX Info: Redefining \% on input line 169.
[13]
Overfull \hbox (8.77965pt too wide) in paragraph at lines 171--181
 [] 
 []


Overfull \hbox (8.77965pt too wide) in paragraph at lines 185--195
 [] 
 []

LaTeX Info: Redefining \. on input line 196.
LaTeX Info: Redefining \% on input line 196.
[14]
Overfull \hbox (8.77965pt too wide) in paragraph at lines 199--209
 [] 
 []


Overfull \hbox (8.77965pt too wide) in paragraph at lines 212--222
 [] 
 []

LaTeX Info: Redefining \. on input line 223.
LaTeX Info: Redefining \% on input line 223.
[15]
Overfull \hbox (8.77965pt too wide) in paragraph at lines 225--241
 [] 
 []


Overfull \hbox (8.77965pt too wide) in paragraph at lines 244--254
 [] 
 []

LaTeX Info: Redefining \. on input line 255.
LaTeX Info: Redefining \% on input line 255.
[16]
Overfull \hbox (8.77965pt too wide) in paragraph at lines 257--267
 [] 
 []

LaTeX Info: Redefining \. on input line 268.
LaTeX Info: Redefining \% on input line 268.
[17]
Overfull \hbox (8.77965pt too wide) in paragraph at lines 270--280
 [] 
 []

LaTeX Info: Redefining \. on input line 281.
LaTeX Info: Redefining \% on input line 281.
[18]
Overfull \hbox (8.77965pt too wide) in paragraph at lines 283--293
 [] 
 []


Overfull \hbox (8.77965pt too wide) in paragraph at lines 296--306
 [] 
 []

LaTeX Info: Redefining \. on input line 307.
LaTeX Info: Redefining \% on input line 307.
[19]
Overfull \hbox (8.77965pt too wide) in paragraph at lines 309--319
 [] 
 []


Overfull \hbox (8.77965pt too wide) in paragraph at lines 322--332
 [] 
 []

LaTeX Info: Redefining \. on input line 333.
LaTeX Info: Redefining \% on input line 333.
[20]
Overfull \hbox (8.77965pt too wide) in paragraph at lines 335--345
 [] 
 []


Overfull \hbox (8.77965pt too wide) in paragraph at lines 348--358
 [] 
 []

LaTeX Info: Redefining \. on input line 359.
LaTeX Info: Redefining \% on input line 359.
[21]
Overfull \hbox (8.77965pt too wide) in paragraph at lines 361--371
 [] 
 []


Overfull \hbox (8.77965pt too wide) in paragraph at lines 375--385
 [] 
 []

LaTeX Info: Redefining \. on input line 386.
LaTeX Info: Redefining \% on input line 386.
[22]
Overfull \hbox (8.77965pt too wide) in paragraph at lines 388--398
 [] 
 []

LaTeX Info: Redefining \. on input line 399.
LaTeX Info: Redefining \% on input line 399.
[23]
Overfull \hbox (8.77965pt too wide) in paragraph at lines 402--412
 [] 
 []


Overfull \hbox (8.77965pt too wide) in paragraph at lines 415--425
 [] 
 []

LaTeX Info: Redefining \. on input line 426.
LaTeX Info: Redefining \% on input line 426.
[24]
Overfull \hbox (8.77965pt too wide) in paragraph at lines 428--438
 [] 
 []

) (Capitulo3/rs.tex
Overfull \hbox (8.77965pt too wide) in paragraph at lines 6--15
 [] 
 []

LaTeX Info: Redefining \. on input line 15.
LaTeX Info: Redefining \% on input line 15.
[25]
Overfull \hbox (8.77965pt too wide) in paragraph at lines 18--27
 [] 
 []


Overfull \hbox (8.77965pt too wide) in paragraph at lines 30--39
 [] 
 []

LaTeX Info: Redefining \. on input line 40.
LaTeX Info: Redefining \% on input line 40.
[26]
Overfull \hbox (8.77965pt too wide) in paragraph at lines 42--50
 [] 
 []


Overfull \hbox (8.77965pt too wide) in paragraph at lines 53--62
 [] 
 []

LaTeX Info: Redefining \. on input line 63.
LaTeX Info: Redefining \% on input line 63.
[27]
Overfull \hbox (8.77965pt too wide) in paragraph at lines 65--73
 [] 
 []


Overfull \hbox (8.77965pt too wide) in paragraph at lines 76--85
 [] 
 []

LaTeX Info: Redefining \. on input line 86.
LaTeX Info: Redefining \% on input line 86.
[28]
Overfull \hbox (8.77965pt too wide) in paragraph at lines 88--96
 [] 
 []


Overfull \hbox (8.77965pt too wide) in paragraph at lines 99--107
 [] 
 []

LaTeX Info: Redefining \. on input line 108.
LaTeX Info: Redefining \% on input line 108.
[29]
Overfull \hbox (8.77965pt too wide) in paragraph at lines 110--118
 [] 
 []


Overfull \hbox (8.77965pt too wide) in paragraph at lines 121--129
 [] 
 []

LaTeX Info: Redefining \. on input line 130.
LaTeX Info: Redefining \% on input line 130.
[30]
Overfull \hbox (8.77965pt too wide) in paragraph at lines 134--142
 [] 
 []


Overfull \hbox (8.77965pt too wide) in paragraph at lines 145--153
 [] 
 []

LaTeX Info: Redefining \. on input line 154.
LaTeX Info: Redefining \% on input line 154.
[31]
Overfull \hbox (8.77965pt too wide) in paragraph at lines 156--165
 [] 
 []


Overfull \hbox (8.77965pt too wide) in paragraph at lines 168--177
 [] 
 []

LaTeX Info: Redefining \. on input line 178.
LaTeX Info: Redefining \% on input line 178.
[32]
Overfull \hbox (8.77965pt too wide) in paragraph at lines 180--189
 [] 
 []


Overfull \hbox (8.77965pt too wide) in paragraph at lines 192--202
 [] 
 []

LaTeX Info: Redefining \. on input line 203.
LaTeX Info: Redefining \% on input line 203.
[33]
Overfull \hbox (8.77965pt too wide) in paragraph at lines 206--222
 [] 
 []

LaTeX Info: Redefining \. on input line 223.
LaTeX Info: Redefining \% on input line 223.
[34]
Overfull \hbox (8.77965pt too wide) in paragraph at lines 226--235
 [] 
 []

LaTeX Info: Redefining \. on input line 236.
LaTeX Info: Redefining \% on input line 236.
[35]
Overfull \hbox (8.77965pt too wide) in paragraph at lines 238--247
 [] 
 []

LaTeX Info: Redefining \. on input line 248.
LaTeX Info: Redefining \% on input line 248.
[36]
Overfull \hbox (8.77965pt too wide) in paragraph at lines 250--259
 [] 
 []


Overfull \hbox (8.77965pt too wide) in paragraph at lines 262--271
 [] 
 []

LaTeX Info: Redefining \. on input line 272.
LaTeX Info: Redefining \% on input line 272.
[37]
Overfull \hbox (8.77965pt too wide) in paragraph at lines 274--283
 [] 
 []


Overfull \hbox (8.77965pt too wide) in paragraph at lines 286--295
 [] 
 []

LaTeX Info: Redefining \. on input line 296.
LaTeX Info: Redefining \% on input line 296.
[38]
Overfull \hbox (8.77965pt too wide) in paragraph at lines 298--307
 [] 
 []


Overfull \hbox (8.77965pt too wide) in paragraph at lines 312--320
 [] 
 []

LaTeX Info: Redefining \. on input line 321.
LaTeX Info: Redefining \% on input line 321.
[39]
Overfull \hbox (8.77965pt too wide) in paragraph at lines 323--332
 [] 
 []


Overfull \hbox (8.77965pt too wide) in paragraph at lines 335--344
 [] 
 []

LaTeX Info: Redefining \. on input line 345.
LaTeX Info: Redefining \% on input line 345.
[40]
Overfull \hbox (8.77965pt too wide) in paragraph at lines 347--356
 [] 
 []


Overfull \hbox (8.77965pt too wide) in paragraph at lines 359--368
 [] 
 []

LaTeX Info: Redefining \. on input line 369.
LaTeX Info: Redefining \% on input line 369.
[41]
Overfull \hbox (8.77965pt too wide) in paragraph at lines 371--380
 [] 
 []


Overfull \hbox (8.77965pt too wide) in paragraph at lines 384--393
 [] 
 []

LaTeX Info: Redefining \. on input line 394.
LaTeX Info: Redefining \% on input line 394.
[42]
Overfull \hbox (8.77965pt too wide) in paragraph at lines 396--405
 [] 
 []


Overfull \hbox (8.77965pt too wide) in paragraph at lines 408--417
 [] 
 []

LaTeX Info: Redefining \. on input line 418.
LaTeX Info: Redefining \% on input line 418.
[43]
Overfull \hbox (8.77965pt too wide) in paragraph at lines 420--429
 [] 
 []


Overfull \hbox (8.77965pt too wide) in paragraph at lines 432--441
 [] 
 []

LaTeX Info: Redefining \. on input line 442.
LaTeX Info: Redefining \% on input line 442.
[44]
Overfull \hbox (8.77965pt too wide) in paragraph at lines 444--453
 [] 
 []


Overfull \hbox (8.77965pt too wide) in paragraph at lines 456--465
 [] 
 []

LaTeX Info: Redefining \. on input line 466.
LaTeX Info: Redefining \% on input line 466.
[45]
Overfull \hbox (8.77965pt too wide) in paragraph at lines 468--477
 [] 
 []


Overfull \hbox (8.77965pt too wide) in paragraph at lines 480--489
 [] 
 []

LaTeX Info: Redefining \. on input line 490.
LaTeX Info: Redefining \% on input line 490.
[46]
Overfull \hbox (8.77965pt too wide) in paragraph at lines 492--501
 [] 
 []


Overfull \hbox (8.77965pt too wide) in paragraph at lines 504--512
 [] 
 []

LaTeX Info: Redefining \. on input line 513.
LaTeX Info: Redefining \% on input line 513.
[47]
Overfull \hbox (8.77965pt too wide) in paragraph at lines 515--524
 [] 
 []


Overfull \hbox (8.77965pt too wide) in paragraph at lines 527--535
 [] 
 []

LaTeX Info: Redefining \. on input line 536.
LaTeX Info: Redefining \% on input line 536.
[48]
Overfull \hbox (8.77965pt too wide) in paragraph at lines 538--547
 [] 
 []


Overfull \hbox (8.77965pt too wide) in paragraph at lines 550--559
 [] 
 []

LaTeX Info: Redefining \. on input line 560.
LaTeX Info: Redefining \% on input line 560.
[49]
Overfull \hbox (8.77965pt too wide) in paragraph at lines 562--572
 [] 
 []


Overfull \hbox (8.77965pt too wide) in paragraph at lines 575--584
 [] 
 []

LaTeX Info: Redefining \. on input line 585.
LaTeX Info: Redefining \% on input line 585.
[50]
Overfull \hbox (8.77965pt too wide) in paragraph at lines 587--596
 [] 
 []


Overfull \hbox (8.77965pt too wide) in paragraph at lines 599--608
 [] 
 []

LaTeX Info: Redefining \. on input line 609.
LaTeX Info: Redefining \% on input line 609.
[51]
Overfull \hbox (8.77965pt too wide) in paragraph at lines 611--620
 [] 
 []


Overfull \hbox (8.77965pt too wide) in paragraph at lines 623--632
 [] 
 []

LaTeX Info: Redefining \. on input line 633.
LaTeX Info: Redefining \% on input line 633.
[52]
Overfull \hbox (8.77965pt too wide) in paragraph at lines 635--644
 [] 
 []


Overfull \hbox (8.77965pt too wide) in paragraph at lines 647--656
 [] 
 []

LaTeX Info: Redefining \. on input line 657.
LaTeX Info: Redefining \% on input line 657.
[53]
Overfull \hbox (8.77965pt too wide) in paragraph at lines 659--668
 [] 
 []


Overfull \hbox (8.77965pt too wide) in paragraph at lines 671--680
 [] 
 []

LaTeX Info: Redefining \. on input line 681.
LaTeX Info: Redefining \% on input line 681.
[54]
Overfull \hbox (8.77965pt too wide) in paragraph at lines 683--692
 [] 
 []


Overfull \hbox (8.77965pt too wide) in paragraph at lines 695--704
 [] 
 []

LaTeX Info: Redefining \. on input line 705.
LaTeX Info: Redefining \% on input line 705.
[55]
Overfull \hbox (8.77965pt too wide) in paragraph at lines 707--716
 [] 
 []


Overfull \hbox (8.77965pt too wide) in paragraph at lines 719--728
 [] 
 []

LaTeX Info: Redefining \. on input line 729.
LaTeX Info: Redefining \% on input line 729.
[56]
Overfull \hbox (8.77965pt too wide) in paragraph at lines 731--740
 [] 
 []


Overfull \hbox (8.77965pt too wide) in paragraph at lines 743--752
 [] 
 []

LaTeX Info: Redefining \. on input line 753.
LaTeX Info: Redefining \% on input line 753.
[57]
Overfull \hbox (8.77965pt too wide) in paragraph at lines 755--764
 [] 
 []


Overfull \hbox (8.77965pt too wide) in paragraph at lines 767--776
 [] 
 []

) (Capitulo3/matriz_ru_rs.tex
LaTeX Info: Redefining \. on input line 1.
LaTeX Info: Redefining \% on input line 1.
 [58]
Package epstopdf Info: Source file: <Capitulo3/assets/matriz_req-u_req-s.eps>
(epstopdf)                    date: 2020-06-29 13:17:47
(epstopdf)                    size: 6125502 bytes
(epstopdf)             Output file: <Capitulo3/assets/matriz_req-u_req-s-eps-converted-to.pdf>
(epstopdf)                    date: 2020-06-29 13:17:59
(epstopdf)                    size: 26086 bytes
(epstopdf)             Command: <epstopdf --outfile=Capitulo3/assets/matriz_req-u_req-s-eps-converted-to.pdf Capitulo3/assets/matriz_req-u_req-s.eps>
(epstopdf)             \includegraphics on input line 6.
Package epstopdf Info: Output file is already uptodate.


pdfTeX warning: pdflatex (file ./Capitulo3/assets/matriz_req-u_req-s-eps-converted-to.pdf): PDF inclusion: found PDF version <1.7>, but at most version <1.5> allowed
<Capitulo3/assets/matriz_req-u_req-s-eps-converted-to.pdf, id=201, 1293.83376pt x 2122.93124pt>
File: Capitulo3/assets/matriz_req-u_req-s-eps-converted-to.pdf Graphic file (type pdf)
<use Capitulo3/assets/matriz_req-u_req-s-eps-converted-to.pdf>
Package pdftex.def Info: Capitulo3/assets/matriz_req-u_req-s-eps-converted-to.pdf  used on input line 6.
(pdftex.def)             Requested size: 1293.8306pt x 2122.92609pt.
LaTeX Info: Redefining \. on input line 8.
LaTeX Info: Redefining \% on input line 8.
[59]
Package epstopdf Info: Source file: <Capitulo3/assets/matriz_req-u_req-s.eps>
(epstopdf)                    date: 2020-06-29 13:17:47
(epstopdf)                    size: 6125502 bytes
(epstopdf)             Output file: <Capitulo3/assets/matriz_req-u_req-s-eps-converted-to.pdf>
(epstopdf)                    date: 2020-06-29 13:17:59
(epstopdf)                    size: 26086 bytes
(epstopdf)             Command: <epstopdf --outfile=Capitulo3/assets/matriz_req-u_req-s-eps-converted-to.pdf Capitulo3/assets/matriz_req-u_req-s.eps>
(epstopdf)             \includegraphics on input line 11.
Package epstopdf Info: Output file is already uptodate.
File: Capitulo3/assets/matriz_req-u_req-s-eps-converted-to.pdf Graphic file (type pdf)
<use Capitulo3/assets/matriz_req-u_req-s-eps-converted-to.pdf>
Package pdftex.def Info: Capitulo3/assets/matriz_req-u_req-s-eps-converted-to.pdf  used on input line 11.
(pdftex.def)             Requested size: 1293.8306pt x 2122.92609pt.
))
LaTeX Info: Redefining \. on input line 52.
LaTeX Info: Redefining \% on input line 52.
 [60 <./Capitulo3/assets/matriz_req-u_req-s-eps-converted-to.pdf>]
LaTeX Info: Redefining \. on input line 70.
LaTeX Info: Redefining \% on input line 70.
 [61] ("c:/Users\gsanh\Desktop\Memoria\documentacion\Documento de requisitos\build\doc.aux"
LaTeX Info: Redefining \. on input line 7.
LaTeX Info: Redefining \% on input line 7.
LaTeX Info: Redefining \. on input line 9.
LaTeX Info: Redefining \% on input line 9.
)

LaTeX Font Warning: Some font shapes were not available, defaults substituted.

 ) 
Here is how much of TeX's memory you used:
 19259 strings out of 492895
 348817 string characters out of 3139975
 444450 words of memory out of 3000000
 22828 multiletter control sequences out of 15000+200000
 542796 words of font info for 95 fonts, out of 3000000 for 9000
 1141 hyphenation exceptions out of 8191
 48i,13n,63p,816b,550s stack positions out of 5000i,500n,10000p,200000b,50000s
<G:/MiKTeX 2.9/fonts/type1/public/amsfonts/cm/cmbx12.pfb><G:/MiKTeX 2.9/fonts/type1/public/amsfonts/cm/cmbx8.pfb><G:/MiKTeX 2.9/fonts/type1/public/amsfonts/cm/cmcsc10.pfb><G:/MiKTeX 2.9/fonts/type1/public/amsfonts/cm/cmr12.pfb><G:/MiKTeX 2.9/fonts/type1/public/amsfonts/cm/cmsl12.pfb><G:/MiKTeX 2.9/fonts/type1/public/amsfonts/cm/cmti12.pfb>
Output written on "c:/Users\gsanh\Desktop\Memoria\documentacion\Documento de requisitos\build\doc.pdf" (63 pages, 242260 bytes).
PDF statistics:
 241 PDF objects out of 1000 (max. 8388607)
 0 named destinations out of 1000 (max. 500000)
 14859 words of extra memory for PDF output out of 17280 (max. 10000000)

