This is pdfTeX, Version 3.14159265-2.6-1.40.21 (MiKTeX 20.6.29) (preloaded format=pdflatex 2020.8.16)  16 AUG 2020 17:51
entering extended mode
**c:/Users/gsanh/Desktop/Memoria/presentacion/latex/presentacion.tex
(c:/Users/gsanh/Desktop/Memoria/presentacion/latex/presentacion.tex
LaTeX2e <2020-02-02> patch level 5
L3 programming layer <2020-06-18> ("G:\MiKTeX 2.9\tex/latex/beamer\beamer.cls"
Document Class: beamer 2020/07/22 v3.59 A class for typesetting presentations
("G:\MiKTeX 2.9\tex/latex/beamer\beamerbasemodes.sty" ("G:\MiKTeX 2.9\tex/latex/etoolbox\etoolbox.sty"
Package: etoolbox 2019/09/21 v2.5h e-TeX tools for LaTeX (JAW)
\etb@tempcnta=\count167
)
\beamer@tempbox=\box45
\beamer@tempcount=\count168
\c@beamerpauses=\count169
 ("G:\MiKTeX 2.9\tex/latex/beamer\beamerbasedecode.sty"
\beamer@slideinframe=\count170
\beamer@minimum=\count171
\beamer@decode@box=\box46
)
\beamer@commentbox=\box47
\beamer@modecount=\count172
) ("G:\MiKTeX 2.9\tex/generic/iftex\ifpdf.sty"
Package: ifpdf 2019/10/25 v3.4 ifpdf legacy package. Use iftex instead.
 ("G:\MiKTeX 2.9\tex/generic/iftex\iftex.sty"
Package: iftex 2020/03/06 v1.0d TeX engine tests
))
\headdp=\dimen134
\footheight=\dimen135
\sidebarheight=\dimen136
\beamer@tempdim=\dimen137
\beamer@finalheight=\dimen138
\beamer@animht=\dimen139
\beamer@animdp=\dimen140
\beamer@animwd=\dimen141
\beamer@leftmargin=\dimen142
\beamer@rightmargin=\dimen143
\beamer@leftsidebar=\dimen144
\beamer@rightsidebar=\dimen145
\beamer@boxsize=\dimen146
\beamer@vboxoffset=\dimen147
\beamer@descdefault=\dimen148
\beamer@descriptionwidth=\dimen149
\beamer@lastskip=\skip47
\beamer@areabox=\box48
\beamer@animcurrent=\box49
\beamer@animshowbox=\box50
\beamer@sectionbox=\box51
\beamer@logobox=\box52
\beamer@linebox=\box53
\beamer@sectioncount=\count173
\beamer@subsubsectionmax=\count174
\beamer@subsectionmax=\count175
\beamer@sectionmax=\count176
\beamer@totalheads=\count177
\beamer@headcounter=\count178
\beamer@partstartpage=\count179
\beamer@sectionstartpage=\count180
\beamer@subsectionstartpage=\count181
\beamer@animationtempa=\count182
\beamer@animationtempb=\count183
\beamer@xpos=\count184
\beamer@ypos=\count185
\beamer@ypos@offset=\count186
\beamer@showpartnumber=\count187
\beamer@currentsubsection=\count188
\beamer@coveringdepth=\count189
\beamer@sectionadjust=\count190
\beamer@tocsectionnumber=\count191
 ("G:\MiKTeX 2.9\tex/latex/beamer\beamerbaseoptions.sty" ("G:\MiKTeX 2.9\tex/latex/graphics\keyval.sty"
Package: keyval 2014/10/28 v1.15 key=value parser (DPC)
\KV@toks@=\toks15
))
\beamer@paperwidth=\skip48
\beamer@paperheight=\skip49
 ("G:\MiKTeX 2.9\tex/latex/geometry\geometry.sty"
Package: geometry 2020/01/02 v5.9 Page Geometry
 ("G:\MiKTeX 2.9\tex/generic/iftex\ifvtex.sty"
Package: ifvtex 2019/10/25 v1.7 ifvtex legacy package. Use iftex instead.
)
\Gm@cnth=\count192
\Gm@cntv=\count193
\c@Gm@tempcnt=\count194
\Gm@bindingoffset=\dimen150
\Gm@wd@mp=\dimen151
\Gm@odd@mp=\dimen152
\Gm@even@mp=\dimen153
\Gm@layoutwidth=\dimen154
\Gm@layoutheight=\dimen155
\Gm@layouthoffset=\dimen156
\Gm@layoutvoffset=\dimen157
\Gm@dimlist=\toks16
 ("G:\MiKTeX 2.9\tex/latex/geometry\geometry.cfg")) ("G:\MiKTeX 2.9\tex/latex/extsizes\size9.clo"
File: size9.clo 1999/11/11 v1.4a NON-Standard LaTeX file (size option)
) ("G:\MiKTeX 2.9\tex/latex/pgf/basiclayer\pgfcore.sty" ("G:\MiKTeX 2.9\tex/latex/graphics\graphicx.sty"
Package: graphicx 2019/11/30 v1.2a Enhanced LaTeX Graphics (DPC,SPQR)
 ("G:\MiKTeX 2.9\tex/latex/graphics\graphics.sty"
Package: graphics 2019/11/30 v1.4a Standard LaTeX Graphics (DPC,SPQR)
 ("G:\MiKTeX 2.9\tex/latex/graphics\trig.sty"
Package: trig 2016/01/03 v1.10 sin cos tan (DPC)
) ("G:\MiKTeX 2.9\tex/latex/graphics-cfg\graphics.cfg"
File: graphics.cfg 2016/06/04 v1.11 sample graphics configuration
)
Package graphics Info: Driver file: pdftex.def on input line 105.
 ("G:\MiKTeX 2.9\tex/latex/graphics-def\pdftex.def"
File: pdftex.def 2018/01/08 v1.0l Graphics/color driver for pdftex
))
\Gin@req@height=\dimen158
\Gin@req@width=\dimen159
) ("G:\MiKTeX 2.9\tex/latex/pgf/systemlayer\pgfsys.sty" ("G:\MiKTeX 2.9\tex/latex/pgf/utilities\pgfrcs.sty" ("G:\MiKTeX 2.9\tex/generic/pgf/utilities\pgfutil-common.tex"
\pgfutil@everybye=\toks17
\pgfutil@tempdima=\dimen160
\pgfutil@tempdimb=\dimen161
 ("G:\MiKTeX 2.9\tex/generic/pgf/utilities\pgfutil-common-lists.tex")) ("G:\MiKTeX 2.9\tex/generic/pgf/utilities\pgfutil-latex.def"
\pgfutil@abb=\box54
 ("G:\MiKTeX 2.9\tex/latex/ms\everyshi.sty"
Package: everyshi 2001/05/15 v3.00 EveryShipout Package (MS)
)) ("G:\MiKTeX 2.9\tex/generic/pgf/utilities\pgfrcs.code.tex" ("G:\MiKTeX 2.9\tex/generic/pgf\pgf.revision.tex")
Package: pgfrcs 2020/01/08 v3.1.5b (3.1.5b)
)) ("G:\MiKTeX 2.9\tex/generic/pgf/systemlayer\pgfsys.code.tex"
Package: pgfsys 2020/01/08 v3.1.5b (3.1.5b)
 ("G:\MiKTeX 2.9\tex/generic/pgf/utilities\pgfkeys.code.tex"
\pgfkeys@pathtoks=\toks18
\pgfkeys@temptoks=\toks19
 ("G:\MiKTeX 2.9\tex/generic/pgf/utilities\pgfkeysfiltered.code.tex"
\pgfkeys@tmptoks=\toks20
))
\pgf@x=\dimen162
\pgf@y=\dimen163
\pgf@xa=\dimen164
\pgf@ya=\dimen165
\pgf@xb=\dimen166
\pgf@yb=\dimen167
\pgf@xc=\dimen168
\pgf@yc=\dimen169
\pgf@xd=\dimen170
\pgf@yd=\dimen171
\w@pgf@writea=\write3
\r@pgf@reada=\read2
\c@pgf@counta=\count195
\c@pgf@countb=\count196
\c@pgf@countc=\count197
\c@pgf@countd=\count198
\t@pgf@toka=\toks21
\t@pgf@tokb=\toks22
\t@pgf@tokc=\toks23
\pgf@sys@id@count=\count199
 ("G:\MiKTeX 2.9\tex/generic/pgf/systemlayer\pgf.cfg"
File: pgf.cfg 2020/01/08 v3.1.5b (3.1.5b)
)
Driver file for pgf: pgfsys-pdftex.def
 ("G:\MiKTeX 2.9\tex/generic/pgf/systemlayer\pgfsys-pdftex.def"
File: pgfsys-pdftex.def 2020/01/08 v3.1.5b (3.1.5b)
 ("G:\MiKTeX 2.9\tex/generic/pgf/systemlayer\pgfsys-common-pdf.def"
File: pgfsys-common-pdf.def 2020/01/08 v3.1.5b (3.1.5b)
))) ("G:\MiKTeX 2.9\tex/generic/pgf/systemlayer\pgfsyssoftpath.code.tex"
File: pgfsyssoftpath.code.tex 2020/01/08 v3.1.5b (3.1.5b)
\pgfsyssoftpath@smallbuffer@items=\count266
\pgfsyssoftpath@bigbuffer@items=\count267
) ("G:\MiKTeX 2.9\tex/generic/pgf/systemlayer\pgfsysprotocol.code.tex"
File: pgfsysprotocol.code.tex 2020/01/08 v3.1.5b (3.1.5b)
)) ("G:\MiKTeX 2.9\tex/latex/xcolor\xcolor.sty"
Package: xcolor 2016/05/11 v2.12 LaTeX color extensions (UK)
 ("G:\MiKTeX 2.9\tex/latex/graphics-cfg\color.cfg"
File: color.cfg 2016/01/02 v1.6 sample color configuration
)
Package xcolor Info: Driver file: pdftex.def on input line 225.
Package xcolor Info: Model `cmy' substituted by `cmy0' on input line 1348.
Package xcolor Info: Model `hsb' substituted by `rgb' on input line 1352.
Package xcolor Info: Model `RGB' extended on input line 1364.
Package xcolor Info: Model `HTML' substituted by `rgb' on input line 1366.
Package xcolor Info: Model `Hsb' substituted by `hsb' on input line 1367.
Package xcolor Info: Model `tHsb' substituted by `hsb' on input line 1368.
Package xcolor Info: Model `HSB' substituted by `hsb' on input line 1369.
Package xcolor Info: Model `Gray' substituted by `gray' on input line 1370.
Package xcolor Info: Model `wave' substituted by `hsb' on input line 1371.
) ("G:\MiKTeX 2.9\tex/generic/pgf/basiclayer\pgfcore.code.tex"
Package: pgfcore 2020/01/08 v3.1.5b (3.1.5b)
 ("G:\MiKTeX 2.9\tex/generic/pgf/math\pgfmath.code.tex" ("G:\MiKTeX 2.9\tex/generic/pgf/math\pgfmathcalc.code.tex" ("G:\MiKTeX 2.9\tex/generic/pgf/math\pgfmathutil.code.tex") ("G:\MiKTeX 2.9\tex/generic/pgf/math\pgfmathparser.code.tex"
\pgfmath@dimen=\dimen172
\pgfmath@count=\count268
\pgfmath@box=\box55
\pgfmath@toks=\toks24
\pgfmath@stack@operand=\toks25
\pgfmath@stack@operation=\toks26
) ("G:\MiKTeX 2.9\tex/generic/pgf/math\pgfmathfunctions.code.tex" ("G:\MiKTeX 2.9\tex/generic/pgf/math\pgfmathfunctions.basic.code.tex") ("G:\MiKTeX 2.9\tex/generic/pgf/math\pgfmathfunctions.trigonometric.code.tex") ("G:\MiKTeX 2.9\tex/generic/pgf/math\pgfmathfunctions.random.code.tex") ("G:\MiKTeX 2.9\tex/generic/pgf/math\pgfmathfunctions.comparison.code.tex") ("G:\MiKTeX 2.9\tex/generic/pgf/math\pgfmathfunctions.base.code.tex") ("G:\MiKTeX 2.9\tex/generic/pgf/math\pgfmathfunctions.round.code.tex") ("G:\MiKTeX 2.9\tex/generic/pgf/math\pgfmathfunctions.misc.code.tex") ("G:\MiKTeX 2.9\tex/generic/pgf/math\pgfmathfunctions.integerarithmetics.code.tex"))) ("G:\MiKTeX 2.9\tex/generic/pgf/math\pgfmathfloat.code.tex"
\c@pgfmathroundto@lastzeros=\count269
)) ("G:\MiKTeX 2.9\tex/generic/pgf/math\pgfint.code.tex") ("G:\MiKTeX 2.9\tex/generic/pgf/basiclayer\pgfcorepoints.code.tex"
File: pgfcorepoints.code.tex 2020/01/08 v3.1.5b (3.1.5b)
\pgf@picminx=\dimen173
\pgf@picmaxx=\dimen174
\pgf@picminy=\dimen175
\pgf@picmaxy=\dimen176
\pgf@pathminx=\dimen177
\pgf@pathmaxx=\dimen178
\pgf@pathminy=\dimen179
\pgf@pathmaxy=\dimen180
\pgf@xx=\dimen181
\pgf@xy=\dimen182
\pgf@yx=\dimen183
\pgf@yy=\dimen184
\pgf@zx=\dimen185
\pgf@zy=\dimen186
) ("G:\MiKTeX 2.9\tex/generic/pgf/basiclayer\pgfcorepathconstruct.code.tex"
File: pgfcorepathconstruct.code.tex 2020/01/08 v3.1.5b (3.1.5b)
\pgf@path@lastx=\dimen187
\pgf@path@lasty=\dimen188
) ("G:\MiKTeX 2.9\tex/generic/pgf/basiclayer\pgfcorepathusage.code.tex"
File: pgfcorepathusage.code.tex 2020/01/08 v3.1.5b (3.1.5b)
\pgf@shorten@end@additional=\dimen189
\pgf@shorten@start@additional=\dimen190
) ("G:\MiKTeX 2.9\tex/generic/pgf/basiclayer\pgfcorescopes.code.tex"
File: pgfcorescopes.code.tex 2020/01/08 v3.1.5b (3.1.5b)
\pgfpic=\box56
\pgf@hbox=\box57
\pgf@layerbox@main=\box58
\pgf@picture@serial@count=\count270
) ("G:\MiKTeX 2.9\tex/generic/pgf/basiclayer\pgfcoregraphicstate.code.tex"
File: pgfcoregraphicstate.code.tex 2020/01/08 v3.1.5b (3.1.5b)
\pgflinewidth=\dimen191
) ("G:\MiKTeX 2.9\tex/generic/pgf/basiclayer\pgfcoretransformations.code.tex"
File: pgfcoretransformations.code.tex 2020/01/08 v3.1.5b (3.1.5b)
\pgf@pt@x=\dimen192
\pgf@pt@y=\dimen193
\pgf@pt@temp=\dimen194
) ("G:\MiKTeX 2.9\tex/generic/pgf/basiclayer\pgfcorequick.code.tex"
File: pgfcorequick.code.tex 2020/01/08 v3.1.5b (3.1.5b)
) ("G:\MiKTeX 2.9\tex/generic/pgf/basiclayer\pgfcoreobjects.code.tex"
File: pgfcoreobjects.code.tex 2020/01/08 v3.1.5b (3.1.5b)
) ("G:\MiKTeX 2.9\tex/generic/pgf/basiclayer\pgfcorepathprocessing.code.tex"
File: pgfcorepathprocessing.code.tex 2020/01/08 v3.1.5b (3.1.5b)
) ("G:\MiKTeX 2.9\tex/generic/pgf/basiclayer\pgfcorearrows.code.tex"
File: pgfcorearrows.code.tex 2020/01/08 v3.1.5b (3.1.5b)
\pgfarrowsep=\dimen195
) ("G:\MiKTeX 2.9\tex/generic/pgf/basiclayer\pgfcoreshade.code.tex"
File: pgfcoreshade.code.tex 2020/01/08 v3.1.5b (3.1.5b)
\pgf@max=\dimen196
\pgf@sys@shading@range@num=\count271
\pgf@shadingcount=\count272
) ("G:\MiKTeX 2.9\tex/generic/pgf/basiclayer\pgfcoreimage.code.tex"
File: pgfcoreimage.code.tex 2020/01/08 v3.1.5b (3.1.5b)
 ("G:\MiKTeX 2.9\tex/generic/pgf/basiclayer\pgfcoreexternal.code.tex"
File: pgfcoreexternal.code.tex 2020/01/08 v3.1.5b (3.1.5b)
\pgfexternal@startupbox=\box59
)) ("G:\MiKTeX 2.9\tex/generic/pgf/basiclayer\pgfcorelayers.code.tex"
File: pgfcorelayers.code.tex 2020/01/08 v3.1.5b (3.1.5b)
) ("G:\MiKTeX 2.9\tex/generic/pgf/basiclayer\pgfcoretransparency.code.tex"
File: pgfcoretransparency.code.tex 2020/01/08 v3.1.5b (3.1.5b)
) ("G:\MiKTeX 2.9\tex/generic/pgf/basiclayer\pgfcorepatterns.code.tex"
File: pgfcorepatterns.code.tex 2020/01/08 v3.1.5b (3.1.5b)
) ("G:\MiKTeX 2.9\tex/generic/pgf/basiclayer\pgfcorerdf.code.tex"
File: pgfcorerdf.code.tex 2020/01/08 v3.1.5b (3.1.5b)
))) ("G:\MiKTeX 2.9\tex/latex/pgf/utilities\xxcolor.sty"
Package: xxcolor 2003/10/24 ver 0.1
\XC@nummixins=\count273
\XC@countmixins=\count274
) ("G:\MiKTeX 2.9\tex/generic/atbegshi\atbegshi.sty"
Package: atbegshi 2019/12/05 v1.19 At begin shipout hook (HO)
 ("G:\MiKTeX 2.9\tex/generic/infwarerr\infwarerr.sty"
Package: infwarerr 2019/12/03 v1.5 Providing info/warning/error messages (HO)
) ("G:\MiKTeX 2.9\tex/generic/ltxcmds\ltxcmds.sty"
Package: ltxcmds 2019/12/15 v1.24 LaTeX kernel commands for general use (HO)
)) ("G:\MiKTeX 2.9\tex/latex/hyperref\hyperref.sty"
Package: hyperref 2020-05-15 v7.00e Hypertext links for LaTeX
 ("G:\MiKTeX 2.9\tex/generic/pdftexcmds\pdftexcmds.sty"
Package: pdftexcmds 2020-06-27 v0.33 Utility functions of pdfTeX for LuaTeX (HO)
Package pdftexcmds Info: \pdf@primitive is available.
Package pdftexcmds Info: \pdf@ifprimitive is available.
Package pdftexcmds Info: \pdfdraftmode found.
) ("G:\MiKTeX 2.9\tex/generic/kvsetkeys\kvsetkeys.sty"
Package: kvsetkeys 2019/12/15 v1.18 Key value parser (HO)
) ("G:\MiKTeX 2.9\tex/generic/kvdefinekeys\kvdefinekeys.sty"
Package: kvdefinekeys 2019-12-19 v1.6 Define keys (HO)
) ("G:\MiKTeX 2.9\tex/generic/pdfescape\pdfescape.sty"
Package: pdfescape 2019/12/09 v1.15 Implements pdfTeX's escape features (HO)
) ("G:\MiKTeX 2.9\tex/latex/hycolor\hycolor.sty"
Package: hycolor 2020-01-27 v1.10 Color options for hyperref/bookmark (HO)
) ("G:\MiKTeX 2.9\tex/latex/letltxmacro\letltxmacro.sty"
Package: letltxmacro 2019/12/03 v1.6 Let assignment for LaTeX macros (HO)
) ("G:\MiKTeX 2.9\tex/latex/auxhook\auxhook.sty"
Package: auxhook 2019-12-17 v1.6 Hooks for auxiliary files (HO)
) ("G:\MiKTeX 2.9\tex/latex/kvoptions\kvoptions.sty"
Package: kvoptions 2019/11/29 v3.13 Key value format for package options (HO)
)
\@linkdim=\dimen197
\Hy@linkcounter=\count275
\Hy@pagecounter=\count276
 ("G:\MiKTeX 2.9\tex/latex/hyperref\pd1enc.def"
File: pd1enc.def 2020-05-15 v7.00e Hyperref: PDFDocEncoding definition (HO)
Now handling font encoding PD1 ...
... no UTF-8 mapping file for font encoding PD1
) ("G:\MiKTeX 2.9\tex/generic/intcalc\intcalc.sty"
Package: intcalc 2019/12/15 v1.3 Expandable calculations with integers (HO)
) ("G:\MiKTeX 2.9\tex/generic/etexcmds\etexcmds.sty"
Package: etexcmds 2019/12/15 v1.7 Avoid name clashes with e-TeX commands (HO)
)
\Hy@SavedSpaceFactor=\count277
Package hyperref Info: Option `bookmarks' set `true' on input line 4338.
Package hyperref Info: Option `bookmarksopen' set `true' on input line 4338.
Package hyperref Info: Option `implicit' set `false' on input line 4338.
Package hyperref Info: Hyper figures OFF on input line 4464.
Package hyperref Info: Link nesting OFF on input line 4469.
Package hyperref Info: Hyper index ON on input line 4472.
Package hyperref Info: Plain pages OFF on input line 4479.
Package hyperref Info: Backreferencing OFF on input line 4484.
Package hyperref Info: Implicit mode OFF; no redefinition of LaTeX internals.
Package hyperref Info: Bookmarks ON on input line 4717.
\c@Hy@tempcnt=\count278
 ("G:\MiKTeX 2.9\tex/latex/url\url.sty"
\Urlmuskip=\muskip16
Package: url 2013/09/16  ver 3.4  Verb mode for urls, etc.
)
LaTeX Info: Redefining \url on input line 5076.
\XeTeXLinkMargin=\dimen198
 ("G:\MiKTeX 2.9\tex/generic/bitset\bitset.sty"
Package: bitset 2019/12/09 v1.3 Handle bit-vector datatype (HO)
 ("G:\MiKTeX 2.9\tex/generic/bigintcalc\bigintcalc.sty"
Package: bigintcalc 2019/12/15 v1.5 Expandable calculations on big integers (HO)
))
\Fld@menulength=\count279
\Field@Width=\dimen199
\Fld@charsize=\dimen256
Package hyperref Info: Hyper figures OFF on input line 6347.
Package hyperref Info: Link nesting OFF on input line 6352.
Package hyperref Info: Hyper index ON on input line 6355.
Package hyperref Info: backreferencing OFF on input line 6362.
Package hyperref Info: Link coloring OFF on input line 6367.
Package hyperref Info: Link coloring with OCG OFF on input line 6372.
Package hyperref Info: PDF/A mode OFF on input line 6377.
LaTeX Info: Redefining \ref on input line 6417.
LaTeX Info: Redefining \pageref on input line 6421.
\Hy@abspage=\count280


Package hyperref Message: Stopped early.

)
Package hyperref Info: Driver (autodetected): hpdftex.
 ("G:\MiKTeX 2.9\tex/latex/hyperref\hpdftex.def"
File: hpdftex.def 2020-05-15 v7.00e Hyperref driver for pdfTeX
 ("G:\MiKTeX 2.9\tex/latex/atveryend\atveryend.sty"
Package: atveryend 2019-12-11 v1.11 Hooks at the very end of document (HO)
)
\Fld@listcount=\count281
\c@bookmark@seq@number=\count282
 ("G:\MiKTeX 2.9\tex/latex/rerunfilecheck\rerunfilecheck.sty"
Package: rerunfilecheck 2019/12/05 v1.9 Rerun checks for auxiliary files (HO)
 ("G:\MiKTeX 2.9\tex/generic/uniquecounter\uniquecounter.sty"
Package: uniquecounter 2019/12/15 v1.4 Provide unlimited unique counter (HO)
)
Package uniquecounter Info: New unique counter `rerunfilecheck' on input line 286.
)) ("G:\MiKTeX 2.9\tex/latex/beamer\beamerbaserequires.sty" ("G:\MiKTeX 2.9\tex/latex/beamer\beamerbasecompatibility.sty") ("G:\MiKTeX 2.9\tex/latex/beamer\beamerbasefont.sty" ("G:\MiKTeX 2.9\tex/latex/amsfonts\amssymb.sty"
Package: amssymb 2013/01/14 v3.01 AMS font symbols
 ("G:\MiKTeX 2.9\tex/latex/amsfonts\amsfonts.sty"
Package: amsfonts 2013/01/14 v3.01 Basic AMSFonts support
\@emptytoks=\toks27
\symAMSa=\mathgroup4
\symAMSb=\mathgroup5
LaTeX Font Info:    Redeclaring math symbol \hbar on input line 98.
LaTeX Font Info:    Overwriting math alphabet `\mathfrak' in version `bold'
(Font)                  U/euf/m/n --> U/euf/b/n on input line 106.
)) ("G:\MiKTeX 2.9\tex/latex/sansmathaccent\sansmathaccent.sty"
Package: sansmathaccent 2020/01/31
 ("G:\MiKTeX 2.9\tex/latex/koma-script\scrlfile.sty"
Package: scrlfile 2020/04/19 v3.30 KOMA-Script package (loading files)
))) ("G:\MiKTeX 2.9\tex/latex/beamer\beamerbasetranslator.sty" ("G:\MiKTeX 2.9\tex/latex/translator\translator.sty"
Package: translator 2020-08-03 v1.12c Easy translation of strings in LaTeX
)) ("G:\MiKTeX 2.9\tex/latex/beamer\beamerbasemisc.sty") ("G:\MiKTeX 2.9\tex/latex/beamer\beamerbasetwoscreens.sty") ("G:\MiKTeX 2.9\tex/latex/beamer\beamerbaseoverlay.sty"
\beamer@argscount=\count283
\beamer@lastskipcover=\skip50
\beamer@trivlistdepth=\count284
) ("G:\MiKTeX 2.9\tex/latex/beamer\beamerbasetitle.sty") ("G:\MiKTeX 2.9\tex/latex/beamer\beamerbasesection.sty"
\c@lecture=\count285
\c@part=\count286
\c@section=\count287
\c@subsection=\count288
\c@subsubsection=\count289
) ("G:\MiKTeX 2.9\tex/latex/beamer\beamerbaseframe.sty"
\beamer@framebox=\box60
\beamer@frametitlebox=\box61
\beamer@zoombox=\box62
\beamer@zoomcount=\count290
\beamer@zoomframecount=\count291
\beamer@frametextheight=\dimen257
\c@subsectionslide=\count292
\beamer@frametopskip=\skip51
\beamer@framebottomskip=\skip52
\beamer@frametopskipautobreak=\skip53
\beamer@framebottomskipautobreak=\skip54
\beamer@envbody=\toks28
\framewidth=\dimen258
\c@framenumber=\count293
) ("G:\MiKTeX 2.9\tex/latex/beamer\beamerbaseverbatim.sty"
\beamer@verbatimfileout=\write4
) ("G:\MiKTeX 2.9\tex/latex/beamer\beamerbaseframesize.sty"
\beamer@splitbox=\box63
\beamer@autobreakcount=\count294
\beamer@autobreaklastheight=\dimen259
\beamer@frametitletoks=\toks29
\beamer@framesubtitletoks=\toks30
) ("G:\MiKTeX 2.9\tex/latex/beamer\beamerbaseframecomponents.sty"
\beamer@footins=\box64
) ("G:\MiKTeX 2.9\tex/latex/beamer\beamerbasecolor.sty") ("G:\MiKTeX 2.9\tex/latex/beamer\beamerbasenotes.sty"
\beamer@frameboxcopy=\box65
) ("G:\MiKTeX 2.9\tex/latex/beamer\beamerbasetoc.sty") ("G:\MiKTeX 2.9\tex/latex/beamer\beamerbasetemplates.sty"
\beamer@sbttoks=\toks31
 ("G:\MiKTeX 2.9\tex/latex/beamer\beamerbaseauxtemplates.sty" ("G:\MiKTeX 2.9\tex/latex/beamer\beamerbaseboxes.sty"
\bmb@box=\box66
\bmb@colorbox=\box67
\bmb@boxshadow=\box68
\bmb@boxshadowball=\box69
\bmb@boxshadowballlarge=\box70
\bmb@temp=\dimen260
\bmb@dima=\dimen261
\bmb@dimb=\dimen262
\bmb@prevheight=\dimen263
)
\beamer@blockheadheight=\dimen264
)) ("G:\MiKTeX 2.9\tex/latex/beamer\beamerbaselocalstructure.sty" ("G:\MiKTeX 2.9\tex/latex/tools\enumerate.sty"
Package: enumerate 2015/07/23 v3.00 enumerate extensions (DPC)
\@enLab=\toks32
)
\c@figure=\count295
\c@table=\count296
\abovecaptionskip=\skip55
\belowcaptionskip=\skip56
) ("G:\MiKTeX 2.9\tex/latex/beamer\beamerbasenavigation.sty"
\beamer@section@min@dim=\dimen265
) ("G:\MiKTeX 2.9\tex/latex/beamer\beamerbasetheorems.sty" ("G:\MiKTeX 2.9\tex/latex/amsmath\amsmath.sty"
Package: amsmath 2020/01/20 v2.17e AMS math features
\@mathmargin=\skip57

For additional information on amsmath, use the `?' option.
("G:\MiKTeX 2.9\tex/latex/amsmath\amstext.sty"
Package: amstext 2000/06/29 v2.01 AMS text
 ("G:\MiKTeX 2.9\tex/latex/amsmath\amsgen.sty"
File: amsgen.sty 1999/11/30 v2.0 generic functions
\@emptytoks=\toks33
\ex@=\dimen266
)) ("G:\MiKTeX 2.9\tex/latex/amsmath\amsbsy.sty"
Package: amsbsy 1999/11/29 v1.2d Bold Symbols
\pmbraise@=\dimen267
) ("G:\MiKTeX 2.9\tex/latex/amsmath\amsopn.sty"
Package: amsopn 2016/03/08 v2.02 operator names
)
\inf@bad=\count297
LaTeX Info: Redefining \frac on input line 227.
\uproot@=\count298
\leftroot@=\count299
LaTeX Info: Redefining \overline on input line 389.
\classnum@=\count300
\DOTSCASE@=\count301
LaTeX Info: Redefining \ldots on input line 486.
LaTeX Info: Redefining \dots on input line 489.
LaTeX Info: Redefining \cdots on input line 610.
\Mathstrutbox@=\box71
\strutbox@=\box72
\big@size=\dimen268
LaTeX Font Info:    Redeclaring font encoding OML on input line 733.
LaTeX Font Info:    Redeclaring font encoding OMS on input line 734.
\macc@depth=\count302
\c@MaxMatrixCols=\count303
\dotsspace@=\muskip17
\c@parentequation=\count304
\dspbrk@lvl=\count305
\tag@help=\toks34
\row@=\count306
\column@=\count307
\maxfields@=\count308
\andhelp@=\toks35
\eqnshift@=\dimen269
\alignsep@=\dimen270
\tagshift@=\dimen271
\tagwidth@=\dimen272
\totwidth@=\dimen273
\lineht@=\dimen274
\@envbody=\toks36
\multlinegap=\skip58
\multlinetaggap=\skip59
\mathdisplay@stack=\toks37
LaTeX Info: Redefining \[ on input line 2859.
LaTeX Info: Redefining \] on input line 2860.
) ("G:\MiKTeX 2.9\tex/latex/amscls\amsthm.sty"
Package: amsthm 2020/05/29 v2.20.6
\thm@style=\toks38
\thm@bodyfont=\toks39
\thm@headfont=\toks40
\thm@notefont=\toks41
\thm@headpunct=\toks42
\thm@preskip=\skip60
\thm@postskip=\skip61
\thm@headsep=\skip62
\dth@everypar=\toks43
)
\c@theorem=\count309
) ("G:\MiKTeX 2.9\tex/latex/beamer\beamerbasethemes.sty")) ("G:\MiKTeX 2.9\tex/latex/beamer\beamerthemedefault.sty" ("G:\MiKTeX 2.9\tex/latex/beamer\beamerfontthemedefault.sty") ("G:\MiKTeX 2.9\tex/latex/beamer\beamercolorthemedefault.sty") ("G:\MiKTeX 2.9\tex/latex/beamer\beamerinnerthemedefault.sty"
\beamer@dima=\dimen275
\beamer@dimb=\dimen276
) ("G:\MiKTeX 2.9\tex/latex/beamer\beamerouterthemedefault.sty"))) ("G:\MiKTeX 2.9\tex/latex/base\inputenc.sty"
Package: inputenc 2018/08/11 v1.3c Input encoding file
\inpenc@prehook=\toks44
\inpenc@posthook=\toks45
) ("G:\MiKTeX 2.9\tex/generic/babel\babel.sty"
Package: babel 2020/06/10 3.45 The Babel package
 ("G:\MiKTeX 2.9\tex/generic/babel\babel.def"
File: babel.def 2020/06/10 3.45 Babel common definitions
\babel@savecnt=\count310
\U@D=\dimen277
\l@babelnohyphens=\language83
 ("G:\MiKTeX 2.9\tex/generic/babel\txtbabel.def")
\bbl@readstream=\read3
)
LaTeX Info: Redefining \textlatin on input line 674.
\bbl@dirlevel=\count311

*************************************
* Local config file bblopts.cfg used
*
("G:\MiKTeX 2.9\tex/latex/arabi\bblopts.cfg"
File: bblopts.cfg 2005/09/08 v0.1 add Arabic and Farsi to "declared" options of babel
) ("G:\MiKTeX 2.9\tex/latex/babel-spanish\spanish.ldf"
Language: spanish.ldf 2016/03/03 v5.0p Spanish support from the babel system
\es@quottoks=\toks46
\es@quotdepth=\count312
Package babel Info: Making " an active character on input line 561.
Package babel Info: Making . an active character on input line 662.
Package babel Info: Making < an active character on input line 707.
Package babel Info: Making > an active character on input line 707.
)) ("G:\MiKTeX 2.9\tex/latex/psnfss\newcent.sty"
Package: newcent 2020/03/25 PSNFSS-v9.3 (SPQR) 
) ("G:\MiKTeX 2.9\tex/latex/beamer\beamerthemeWarsaw.sty" ("G:\MiKTeX 2.9\tex/latex/beamer\beamerinnerthemerounded.sty") ("G:\MiKTeX 2.9\tex/latex/beamer\beamerouterthemeshadow.sty" ("G:\MiKTeX 2.9\tex/latex/beamer\beamerouterthemesplit.sty")) ("G:\MiKTeX 2.9\tex/latex/beamer\beamercolorthemeorchid.sty") ("G:\MiKTeX 2.9\tex/latex/beamer\beamercolorthemewhale.sty")) ("G:\MiKTeX 2.9\tex/latex/l3backend\l3backend-pdfmode.def"
File: l3backend-pdfmode.def 2020-06-29 L3 backend support: PDF mode
\l__kernel_color_stack_int=\count313
\l__pdf_internal_box=\box73
) (c:/Users\gsanh\Desktop\Memoria\presentacion\latex\build\presentacion.aux
LaTeX Info: Redefining \. on input line 25.
LaTeX Info: Redefining \% on input line 25.
)
\openout1 = `presentacion.aux'.

LaTeX Font Info:    Checking defaults for OML/cmm/m/it on input line 25.
LaTeX Font Info:    ... okay on input line 25.
LaTeX Font Info:    Checking defaults for OMS/cmsy/m/n on input line 25.
LaTeX Font Info:    ... okay on input line 25.
LaTeX Font Info:    Checking defaults for OT1/cmr/m/n on input line 25.
LaTeX Font Info:    ... okay on input line 25.
LaTeX Font Info:    Checking defaults for T1/cmr/m/n on input line 25.
LaTeX Font Info:    ... okay on input line 25.
LaTeX Font Info:    Checking defaults for TS1/cmr/m/n on input line 25.
LaTeX Font Info:    ... okay on input line 25.
LaTeX Font Info:    Checking defaults for OMX/cmex/m/n on input line 25.
LaTeX Font Info:    ... okay on input line 25.
LaTeX Font Info:    Checking defaults for U/cmr/m/n on input line 25.
LaTeX Font Info:    ... okay on input line 25.
LaTeX Font Info:    Checking defaults for PD1/pdf/m/n on input line 25.
LaTeX Font Info:    ... okay on input line 25.
LaTeX Font Info:    Trying to load font information for OT1+pag on input line 25.
 ("G:\MiKTeX 2.9\tex/latex/psnfss\ot1pag.fd"
File: ot1pag.fd 2001/06/04 font definitions for OT1/pag.
)
*geometry* driver: auto-detecting
*geometry* detected driver: pdftex
*geometry* verbose mode - [ preamble ] result:
* driver: pdftex
* paper: custom
* layout: <same size as paper>
* layoutoffset:(h,v)=(0.0pt,0.0pt)
* modes: includehead includefoot 
* h-part:(L,W,R)=(28.45274pt, 307.28987pt, 28.45274pt)
* v-part:(T,H,B)=(0.0pt, 273.14662pt, 0.0pt)
* \paperwidth=364.19536pt
* \paperheight=273.14662pt
* \textwidth=307.28987pt
* \textheight=244.6939pt
* \oddsidemargin=-43.81725pt
* \evensidemargin=-43.81725pt
* \topmargin=-72.26999pt
* \headheight=14.22636pt
* \headsep=0.0pt
* \topskip=9.0pt
* \footskip=14.22636pt
* \marginparwidth=4.0pt
* \marginparsep=10.0pt
* \columnsep=10.0pt
* \skip\footins=8.0pt plus 4.0pt minus 2.0pt
* \hoffset=0.0pt
* \voffset=0.0pt
* \mag=1000
* \@twocolumnfalse
* \@twosidefalse
* \@mparswitchfalse
* \@reversemarginfalse
* (1in=72.27pt=25.4mm, 1cm=28.453pt)

("G:\MiKTeX 2.9\tex/context/base/mkii\supp-pdf.mkii"
[Loading MPS to PDF converter (version 2006.09.02).]
\scratchcounter=\count314
\scratchdimen=\dimen278
\scratchbox=\box74
\nofMPsegments=\count315
\nofMParguments=\count316
\everyMPshowfont=\toks47
\MPscratchCnt=\count317
\MPscratchDim=\dimen279
\MPnumerator=\count318
\makeMPintoPDFobject=\count319
\everyMPtoPDFconversion=\toks48
) ("G:\MiKTeX 2.9\tex/latex/epstopdf-pkg\epstopdf-base.sty"
Package: epstopdf-base 2020-01-24 v2.11 Base part for package epstopdf
Package epstopdf-base Info: Redefining graphics rule for `.eps' on input line 485.
) ABD: EveryShipout initializing macros
\AtBeginShipoutBox=\box75
Package hyperref Info: Link coloring OFF on input line 25.
 ("G:\MiKTeX 2.9\tex/latex/hyperref\nameref.sty"
Package: nameref 2019/09/16 v2.46 Cross-referencing by name of section
 ("G:\MiKTeX 2.9\tex/latex/refcount\refcount.sty"
Package: refcount 2019/12/15 v3.6 Data extraction from label references (HO)
) (C:\Users\gsanh\AppData\Roaming\MiKTeX\2.9\tex/generic/gettitlestring\gettitlestring.sty
Package: gettitlestring 2019/12/15 v1.6 Cleanup title references (HO)
)
\c@section@level=\count320
)
LaTeX Info: Redefining \ref on input line 25.
LaTeX Info: Redefining \pageref on input line 25.
LaTeX Info: Redefining \nameref on input line 25.
 (c:/Users\gsanh\Desktop\Memoria\presentacion\latex\build\presentacion.out) (c:/Users\gsanh\Desktop\Memoria\presentacion\latex\build\presentacion.out)
\@outlinefile=\write5
\openout5 = `presentacion.out'.

LaTeX Font Info:    Overwriting symbol font `operators' in version `normal'
(Font)                  OT1/cmr/m/n --> OT1/cmss/m/n on input line 25.
LaTeX Font Info:    Overwriting symbol font `operators' in version `bold'
(Font)                  OT1/cmr/bx/n --> OT1/cmss/b/n on input line 25.
\symnumbers=\mathgroup6
\sympureletters=\mathgroup7
LaTeX Font Info:    Overwriting math alphabet `\mathrm' in version `normal'
(Font)                  OT1/cmss/m/n --> OT1/pnc/m/n on input line 25.
LaTeX Font Info:    Redeclaring math alphabet \mathbf on input line 25.
LaTeX Font Info:    Overwriting math alphabet `\mathbf' in version `normal'
(Font)                  OT1/cmr/bx/n --> OT1/pag/b/n on input line 25.
LaTeX Font Info:    Overwriting math alphabet `\mathbf' in version `bold'
(Font)                  OT1/cmr/bx/n --> OT1/pag/b/n on input line 25.
LaTeX Font Info:    Redeclaring math alphabet \mathsf on input line 25.
LaTeX Font Info:    Overwriting math alphabet `\mathsf' in version `normal'
(Font)                  OT1/cmss/m/n --> OT1/pag/m/n on input line 25.
LaTeX Font Info:    Overwriting math alphabet `\mathsf' in version `bold'
(Font)                  OT1/cmss/bx/n --> OT1/pag/m/n on input line 25.
LaTeX Font Info:    Redeclaring math alphabet \mathit on input line 25.
LaTeX Font Info:    Overwriting math alphabet `\mathit' in version `normal'
(Font)                  OT1/cmr/m/it --> OT1/pag/m/it on input line 25.
LaTeX Font Info:    Overwriting math alphabet `\mathit' in version `bold'
(Font)                  OT1/cmr/bx/it --> OT1/pag/m/it on input line 25.
LaTeX Font Info:    Redeclaring math alphabet \mathtt on input line 25.
LaTeX Font Info:    Overwriting math alphabet `\mathtt' in version `normal'
(Font)                  OT1/cmtt/m/n --> OT1/pcr/m/n on input line 25.
LaTeX Font Info:    Overwriting math alphabet `\mathtt' in version `bold'
(Font)                  OT1/cmtt/m/n --> OT1/pcr/m/n on input line 25.
LaTeX Font Info:    Overwriting symbol font `numbers' in version `bold'
(Font)                  OT1/pag/m/n --> OT1/pag/b/n on input line 25.
LaTeX Font Info:    Overwriting symbol font `pureletters' in version `bold'
(Font)                  OT1/pag/m/it --> OT1/pag/b/it on input line 25.
LaTeX Font Info:    Overwriting math alphabet `\mathrm' in version `bold'
(Font)                  OT1/cmss/b/n --> OT1/pnc/b/n on input line 25.
LaTeX Font Info:    Overwriting math alphabet `\mathbf' in version `bold'
(Font)                  OT1/pag/b/n --> OT1/pag/b/n on input line 25.
LaTeX Font Info:    Overwriting math alphabet `\mathsf' in version `bold'
(Font)                  OT1/pag/m/n --> OT1/pag/b/n on input line 25.
LaTeX Font Info:    Overwriting math alphabet `\mathit' in version `bold'
(Font)                  OT1/pag/m/it --> OT1/pag/b/it on input line 25.
LaTeX Font Info:    Overwriting math alphabet `\mathtt' in version `bold'
(Font)                  OT1/pcr/m/n --> OT1/pcr/b/n on input line 25.
 ("G:\MiKTeX 2.9\tex/latex/translator\translator-basic-dictionary-English.dict"
Dictionary: translator-basic-dictionary, Language: English 
) ("G:\MiKTeX 2.9\tex/latex/translator\translator-bibliography-dictionary-English.dict"
Dictionary: translator-bibliography-dictionary, Language: English 
) ("G:\MiKTeX 2.9\tex/latex/translator\translator-environment-dictionary-English.dict"
Dictionary: translator-environment-dictionary, Language: English 
) ("G:\MiKTeX 2.9\tex/latex/translator\translator-months-dictionary-English.dict"
Dictionary: translator-months-dictionary, Language: English 
) ("G:\MiKTeX 2.9\tex/latex/translator\translator-numbers-dictionary-English.dict"
Dictionary: translator-numbers-dictionary, Language: English 
) ("G:\MiKTeX 2.9\tex/latex/translator\translator-theorem-dictionary-English.dict"
Dictionary: translator-theorem-dictionary, Language: English 
)
LaTeX Info: Redefining \. on input line 25.
LaTeX Info: Redefining \% on input line 25.
 (c:/Users\gsanh\Desktop\Memoria\presentacion\latex\build\presentacion.nav)
Overfull \vbox (3.08551pt too high) detected at line 25
 []

Package epstopdf Info: Source file: <utalca1.eps>
(epstopdf)                    date: 2019-11-30 01:33:06
(epstopdf)                    size: 24156 bytes
(epstopdf)             Output file: <utalca1-eps-converted-to.pdf>
(epstopdf)                    date: 2020-08-16 17:47:49
(epstopdf)                    size: 9271 bytes
(epstopdf)             Command: <epstopdf --outfile=utalca1-eps-converted-to.pdf utalca1.eps>
(epstopdf)             \includegraphics on input line 27.
Package epstopdf Info: Output file is already uptodate.


pdfTeX warning: pdflatex (file ./utalca1-eps-converted-to.pdf): PDF inclusion: found PDF version <1.7>, but at most version <1.5> allowed
<utalca1-eps-converted-to.pdf, id=135, 107.40125pt x 135.50626pt>
File: utalca1-eps-converted-to.pdf Graphic file (type pdf)
<use utalca1-eps-converted-to.pdf>
Package pdftex.def Info: utalca1-eps-converted-to.pdf  used on input line 27.
(pdftex.def)             Requested size: 33.82664pt x 42.67912pt.

Overfull \vbox (3.08551pt too high) has occurred while \output is active []

 [1{C:/Users/gsanh/AppData/Local/MiKTeX/2.9/pdftex/config/pdftex.map}

 <./utalca1-eps-converted-to.pdf>]
Overfull \vbox (3.08551pt too high) has occurred while \output is active []

 [2

]
LaTeX Font Info:    Trying to load font information for U+msa on input line 62.
 ("G:\MiKTeX 2.9\tex/latex/amsfonts\umsa.fd"
File: umsa.fd 2013/01/14 v3.01 AMS symbols A
)
LaTeX Font Info:    Trying to load font information for U+msb on input line 62.
 ("G:\MiKTeX 2.9\tex/latex/amsfonts\umsb.fd"
File: umsb.fd 2013/01/14 v3.01 AMS symbols B
)
LaTeX Font Info:    Font shape `OT1/pag/m/it' in size <9> not available
(Font)              Font shape `OT1/pag/m/sl' tried instead on input line 62.
LaTeX Font Info:    Font shape `OT1/pag/m/it' in size <6> not available
(Font)              Font shape `OT1/pag/m/sl' tried instead on input line 62.
LaTeX Font Info:    Font shape `OT1/pag/m/it' in size <5> not available
(Font)              Font shape `OT1/pag/m/sl' tried instead on input line 62.
<assets/MunecosBlancos/Aproblemado.jpg, id=224, 1606.0pt x 1606.0pt>
File: assets/MunecosBlancos/Aproblemado.jpg Graphic file (type jpg)
<use assets/MunecosBlancos/Aproblemado.jpg>
Package pdftex.def Info: assets/MunecosBlancos/Aproblemado.jpg  used on input line 62.
(pdftex.def)             Requested size: 122.91406pt x 122.89536pt.

Overfull \vbox (3.08551pt too high) has occurred while \output is active []

 [3

 <./assets/MunecosBlancos/Aproblemado.jpg>]
Overfull \vbox (3.08551pt too high) has occurred while \output is active []

 [4

]
Overfull \vbox (3.08551pt too high) has occurred while \output is active []

 [5

]
Package epstopdf Info: Source file: <assets/iedevelopment-v2.eps>
(epstopdf)                    date: 2020-08-16 13:24:50
(epstopdf)                    size: 49712 bytes
(epstopdf)             Output file: <assets/iedevelopment-v2-eps-converted-to.pdf>
(epstopdf)                    date: 2020-08-16 13:30:09
(epstopdf)                    size: 15650 bytes
(epstopdf)             Command: <epstopdf --outfile=assets/iedevelopment-v2-eps-converted-to.pdf assets/iedevelopment-v2.eps>
(epstopdf)             \includegraphics on input line 119.
Package epstopdf Info: Output file is already uptodate.


pdfTeX warning: pdflatex (file ./assets/iedevelopment-v2-eps-converted-to.pdf): PDF inclusion: found PDF version <1.7>, but at most version <1.5> allowed
<assets/iedevelopment-v2-eps-converted-to.pdf, id=330, 300.12125pt x 154.5775pt>
File: assets/iedevelopment-v2-eps-converted-to.pdf Graphic file (type pdf)
<use assets/iedevelopment-v2-eps-converted-to.pdf>
Package pdftex.def Info: assets/iedevelopment-v2-eps-converted-to.pdf  used on input line 119.
(pdftex.def)             Requested size: 199.73653pt x 102.87764pt.

Overfull \vbox (3.08551pt too high) has occurred while \output is active []

 [6

 <./assets/iedevelopment-v2-eps-converted-to.pdf>]
Overfull \vbox (3.08551pt too high) has occurred while \output is active []

 [7

]
Overfull \vbox (3.08551pt too high) has occurred while \output is active []

 [8

]
LaTeX Font Info:    Font shape `OT1/pag/b/n' in size <9> not available
(Font)              Font shape `OT1/pag/db/n' tried instead on input line 154.

Overfull \vbox (3.08551pt too high) has occurred while \output is active []

 [9

]
<assets/Tecnologia/Java.png, id=485, 209.28188pt x 209.28188pt>
File: assets/Tecnologia/Java.png Graphic file (type png)
<use assets/Tecnologia/Java.png>
Package pdftex.def Info: assets/Tecnologia/Java.png  used on input line 178.
(pdftex.def)             Requested size: 101.40622pt x 101.40578pt.
<assets/Tecnologia/JavaFX.png, id=487, 225.971pt x 208.6669pt>
File: assets/Tecnologia/JavaFX.png Graphic file (type png)
<use assets/Tecnologia/JavaFX.png>
Package pdftex.def Info: assets/Tecnologia/JavaFX.png  used on input line 178.
(pdftex.def)             Requested size: 101.40622pt x 93.64133pt.
<assets/Tecnologia/EpanetToolkit.png, id=488, 210.03468pt x 210.7875pt>
File: assets/Tecnologia/EpanetToolkit.png Graphic file (type png)
<use assets/Tecnologia/EpanetToolkit.png>
Package pdftex.def Info: assets/Tecnologia/EpanetToolkit.png  used on input line 178.
(pdftex.def)             Requested size: 101.40622pt x 101.76866pt.

Overfull \vbox (3.08551pt too high) has occurred while \output is active []

 [10

 <./assets/Tecnologia/Java.png> <./assets/Tecnologia/JavaFX.png> <./assets/Tecnologia/EpanetToolkit.png>]
<assets/Requisito.png, id=528, 451.6875pt x 207.77625pt>
File: assets/Requisito.png Graphic file (type png)
<use assets/Requisito.png>
Package pdftex.def Info: assets/Requisito.png  used on input line 194.
(pdftex.def)             Requested size: 245.83282pt x 113.0852pt.

Overfull \vbox (3.08551pt too high) has occurred while \output is active []

 [11

 <./assets/Requisito.png>]
Overfull \vbox (3.08551pt too high) has occurred while \output is active []

 [12

]
<assets/ArquitecturaFisica.png, id=604, 209.28188pt x 145.29282pt>
File: assets/ArquitecturaFisica.png Graphic file (type png)
<use assets/ArquitecturaFisica.png>
Package pdftex.def Info: assets/ArquitecturaFisica.png  used on input line 222.
(pdftex.def)             Requested size: 153.64493pt x 106.66588pt.

Overfull \vbox (3.08551pt too high) has occurred while \output is active []

 [13

 <./assets/ArquitecturaFisica.png>]
<assets/ArquitecturaLogica.png, id=643, 575.751pt x 274.626pt>
File: assets/ArquitecturaLogica.png Graphic file (type png)
<use assets/ArquitecturaLogica.png>
Package pdftex.def Info: assets/ArquitecturaLogica.png  used on input line 232.
(pdftex.def)             Requested size: 245.83282pt x 117.26135pt.

Overfull \vbox (3.08551pt too high) has occurred while \output is active []

 [14

 <./assets/ArquitecturaLogica.png>]
Overfull \vbox (3.08551pt too high) has occurred while \output is active []

 [15

]
<assets/Interfaces/Principal.png, id=719, 515.77957pt x 279.95116pt>
File: assets/Interfaces/Principal.png Graphic file (type png)
<use assets/Interfaces/Principal.png>
Package pdftex.def Info: assets/Interfaces/Principal.png  used on input line 248.
(pdftex.def)             Requested size: 307.28987pt x 166.79726pt.

Overfull \vbox (3.08551pt too high) has occurred while \output is active []

 [16

 <./assets/Interfaces/Principal.png>]
<assets/Interfaces/ConfiguracionProblema1.png, id=758, 1108.14pt x 684.30656pt>
File: assets/Interfaces/ConfiguracionProblema1.png Graphic file (type png)
<use assets/Interfaces/ConfiguracionProblema1.png>
Package pdftex.def Info: assets/Interfaces/ConfiguracionProblema1.png  used on input line 264.
(pdftex.def)             Requested size: 153.64493pt x 94.87296pt.
<assets/Interfaces/ConfiguracionProblema2.png, id=759, 993.7125pt x 587.19376pt>
File: assets/Interfaces/ConfiguracionProblema2.png Graphic file (type png)
<use assets/Interfaces/ConfiguracionProblema2.png>
Package pdftex.def Info: assets/Interfaces/ConfiguracionProblema2.png  used on input line 264.
(pdftex.def)             Requested size: 153.64493pt x 90.79008pt.

Overfull \vbox (3.08551pt too high) has occurred while \output is active []

 [17

 <./assets/Interfaces/ConfiguracionProblema1.png> <./assets/Interfaces/ConfiguracionProblema2.png>]
<assets/Interfaces/EstadoEjecucion.png, id=797, 578.6418pt x 311.2428pt>
File: assets/Interfaces/EstadoEjecucion.png Graphic file (type png)
<use assets/Interfaces/EstadoEjecucion.png>
Package pdftex.def Info: assets/Interfaces/EstadoEjecucion.png  used on input line 272.
(pdftex.def)             Requested size: 307.28987pt x 165.29033pt.

Overfull \vbox (3.08551pt too high) has occurred while \output is active []

 [18

 <./assets/Interfaces/EstadoEjecucion.png>]
<assets/Interfaces/GraficoResultados.png, id=836, 533.74406pt x 289.83281pt>
File: assets/Interfaces/GraficoResultados.png Graphic file (type png)
<use assets/Interfaces/GraficoResultados.png>
Package pdftex.def Info: assets/Interfaces/GraficoResultados.png  used on input line 280.
(pdftex.def)             Requested size: 307.28987pt x 166.86926pt.

Overfull \vbox (3.08551pt too high) has occurred while \output is active []

 [19

 <./assets/Interfaces/GraficoResultados.png>]
<assets/Interfaces/Resultados.png, id=876, 542.025pt x 294.34969pt>
File: assets/Interfaces/Resultados.png Graphic file (type png)
<use assets/Interfaces/Resultados.png>
Package pdftex.def Info: assets/Interfaces/Resultados.png  used on input line 288.
(pdftex.def)             Requested size: 307.28987pt x 166.87828pt.

Overfull \vbox (3.08551pt too high) has occurred while \output is active []

 [20

 <./assets/Interfaces/Resultados.png>]
<assets/Interfaces/ResultadosSimulacion.png, id=915, 396.7322pt x 374.14781pt>
File: assets/Interfaces/ResultadosSimulacion.png Graphic file (type png)
<use assets/Interfaces/ResultadosSimulacion.png>
Package pdftex.def Info: assets/Interfaces/ResultadosSimulacion.png  used on input line 296.
(pdftex.def)             Requested size: 180.21074pt x 169.95412pt.

Overfull \vbox (3.08551pt too high) has occurred while \output is active []

 [21

 <./assets/Interfaces/ResultadosSimulacion.png>]
Package epstopdf Info: Source file: <assets/InterfazHumano-app.eps>
(epstopdf)                    date: 2020-08-16 15:45:25
(epstopdf)                    size: 127374 bytes
(epstopdf)             Output file: <assets/InterfazHumano-app-eps-converted-to.pdf>
(epstopdf)                    date: 2020-08-16 15:45:35
(epstopdf)                    size: 113813 bytes
(epstopdf)             Command: <epstopdf --outfile=assets/InterfazHumano-app-eps-converted-to.pdf assets/InterfazHumano-app.eps>
(epstopdf)             \includegraphics on input line 305.
Package epstopdf Info: Output file is already uptodate.


pdfTeX warning: pdflatex (file ./assets/InterfazHumano-app-eps-converted-to.pdf): PDF inclusion: found PDF version <1.7>, but at most version <1.5> allowed
<assets/InterfazHumano-app-eps-converted-to.pdf, id=954, 771.88374pt x 371.3875pt>
File: assets/InterfazHumano-app-eps-converted-to.pdf Graphic file (type pdf)
<use assets/InterfazHumano-app-eps-converted-to.pdf>
Package pdftex.def Info: assets/InterfazHumano-app-eps-converted-to.pdf  used on input line 305.
(pdftex.def)             Requested size: 307.28987pt x 147.84966pt.

Overfull \vbox (3.08551pt too high) has occurred while \output is active []

 [22

 <./assets/InterfazHumano-app-eps-converted-to.pdf>]
Overfull \vbox (3.08551pt too high) has occurred while \output is active []

 [23

]
Overfull \vbox (3.08551pt too high) has occurred while \output is active []

 [24

]
Package epstopdf Info: Source file: <assets/AlgoritmoGenetico.eps>
(epstopdf)                    date: 2020-08-16 15:00:40
(epstopdf)                    size: 74803 bytes
(epstopdf)             Output file: <assets/AlgoritmoGenetico-eps-converted-to.pdf>
(epstopdf)                    date: 2020-08-16 15:00:47
(epstopdf)                    size: 23057 bytes
(epstopdf)             Command: <epstopdf --outfile=assets/AlgoritmoGenetico-eps-converted-to.pdf assets/AlgoritmoGenetico.eps>
(epstopdf)             \includegraphics on input line 352.
Package epstopdf Info: Output file is already uptodate.


pdfTeX warning: pdflatex (file ./assets/AlgoritmoGenetico-eps-converted-to.pdf): PDF inclusion: found PDF version <1.7>, but at most version <1.5> allowed
<assets/AlgoritmoGenetico-eps-converted-to.pdf, id=1078, 561.09625pt x 273.02pt>
File: assets/AlgoritmoGenetico-eps-converted-to.pdf Graphic file (type pdf)
<use assets/AlgoritmoGenetico-eps-converted-to.pdf>
Package pdftex.def Info: assets/AlgoritmoGenetico-eps-converted-to.pdf  used on input line 352.
(pdftex.def)             Requested size: 245.83282pt x 119.61676pt.

Overfull \vbox (3.08551pt too high) has occurred while \output is active []

 [25

 <./assets/AlgoritmoGenetico-eps-converted-to.pdf>]
Package epstopdf Info: Source file: <assets/NSGAIIFlujo.eps>
(epstopdf)                    date: 2020-08-16 15:02:24
(epstopdf)                    size: 798962 bytes
(epstopdf)             Output file: <assets/NSGAIIFlujo-eps-converted-to.pdf>
(epstopdf)                    date: 2020-08-16 15:03:10
(epstopdf)                    size: 53965 bytes
(epstopdf)             Command: <epstopdf --outfile=assets/NSGAIIFlujo-eps-converted-to.pdf assets/NSGAIIFlujo.eps>
(epstopdf)             \includegraphics on input line 362.
Package epstopdf Info: Output file is already uptodate.


pdfTeX warning: pdflatex (file ./assets/NSGAIIFlujo-eps-converted-to.pdf): PDF inclusion: found PDF version <1.7>, but at most version <1.5> allowed
<assets/NSGAIIFlujo-eps-converted-to.pdf, id=1123, 562.1pt x 273.02pt>
File: assets/NSGAIIFlujo-eps-converted-to.pdf Graphic file (type pdf)
<use assets/NSGAIIFlujo-eps-converted-to.pdf>
Package pdftex.def Info: assets/NSGAIIFlujo-eps-converted-to.pdf  used on input line 362.
(pdftex.def)             Requested size: 245.83282pt x 119.4043pt.

Overfull \vbox (3.08551pt too high) has occurred while \output is active []

 [26

 <./assets/NSGAIIFlujo-eps-converted-to.pdf>]
Package epstopdf Info: Source file: <assets/NSGAII.eps>
(epstopdf)                    date: 2020-08-16 13:25:27
(epstopdf)                    size: 157174 bytes
(epstopdf)             Output file: <assets/NSGAII-eps-converted-to.pdf>
(epstopdf)                    date: 2020-08-16 15:03:11
(epstopdf)                    size: 49239 bytes
(epstopdf)             Command: <epstopdf --outfile=assets/NSGAII-eps-converted-to.pdf assets/NSGAII.eps>
(epstopdf)             \includegraphics on input line 372.
Package epstopdf Info: Output file is already uptodate.


pdfTeX warning: pdflatex (file ./assets/NSGAII-eps-converted-to.pdf): PDF inclusion: found PDF version <1.7>, but at most version <1.5> allowed
<assets/NSGAII-eps-converted-to.pdf, id=1165, 1059.96pt x 670.505pt>
File: assets/NSGAII-eps-converted-to.pdf Graphic file (type pdf)
<use assets/NSGAII-eps-converted-to.pdf>
Package pdftex.def Info: assets/NSGAII-eps-converted-to.pdf  used on input line 372.
(pdftex.def)             Requested size: 245.83282pt x 155.50201pt.

Overfull \vbox (3.08551pt too high) has occurred while \output is active []

 [27

 <./assets/NSGAII-eps-converted-to.pdf>]
Overfull \vbox (3.08551pt too high) has occurred while \output is active []

 [28

]
<assets/PruebaAutomatizada.png, id=1241, 664.73344pt x 313.9228pt>
File: assets/PruebaAutomatizada.png Graphic file (type png)
<use assets/PruebaAutomatizada.png>
Package pdftex.def Info: assets/PruebaAutomatizada.png  used on input line 395.
(pdftex.def)             Requested size: 245.83282pt x 116.09692pt.

Overfull \vbox (3.08551pt too high) has occurred while \output is active []

 [29

 <./assets/PruebaAutomatizada.png>]
<assets/PruebaManual.png, id=1279, 572.89032pt x 314.67563pt>
File: assets/PruebaManual.png Graphic file (type png)
<use assets/PruebaManual.png>
Package pdftex.def Info: assets/PruebaManual.png  used on input line 404.
(pdftex.def)             Requested size: 245.83282pt x 135.02939pt.

Overfull \vbox (3.08551pt too high) has occurred while \output is active []

 [30

 <./assets/PruebaManual.png>]
Overfull \vbox (3.08551pt too high) has occurred while \output is active []

 [31

]
Overfull \vbox (3.08551pt too high) has occurred while \output is active []

 [32

]
Overfull \vbox (3.08551pt too high) has occurred while \output is active []

 [33

]
Package epstopdf Info: Source file: <assets/Evaluacion/funcionality.eps>
(epstopdf)                    date: 2020-07-20 15:47:09
(epstopdf)                    size: 811734 bytes
(epstopdf)             Output file: <assets/Evaluacion/funcionality-eps-converted-to.pdf>
(epstopdf)                    date: 2020-08-16 15:26:50
(epstopdf)                    size: 18530 bytes
(epstopdf)             Command: <epstopdf --outfile=assets/Evaluacion/funcionality-eps-converted-to.pdf assets/Evaluacion/funcionality.eps>
(epstopdf)             \includegraphics on input line 489.
Package epstopdf Info: Output file is already uptodate.


pdfTeX warning: pdflatex (file ./assets/Evaluacion/funcionality-eps-converted-to.pdf): PDF inclusion: found PDF version <1.7>, but at most version <1.5> allowed
<assets/Evaluacion/funcionality-eps-converted-to.pdf, id=1427, 635.37375pt x 386.44376pt>
File: assets/Evaluacion/funcionality-eps-converted-to.pdf Graphic file (type pdf)
<use assets/Evaluacion/funcionality-eps-converted-to.pdf>
Package pdftex.def Info: assets/Evaluacion/funcionality-eps-converted-to.pdf  used on input line 489.
(pdftex.def)             Requested size: 276.559pt x 168.21371pt.

Overfull \vbox (3.08551pt too high) has occurred while \output is active []

 [34

 <./assets/Evaluacion/funcionality-eps-converted-to.pdf>]
<assets/Evaluacion/SUS_Score.png, id=1476, 253.69781pt x 204.765pt>
File: assets/Evaluacion/SUS_Score.png Graphic file (type png)
<use assets/Evaluacion/SUS_Score.png>
Package pdftex.def Info: assets/Evaluacion/SUS_Score.png  used on input line 506.
(pdftex.def)             Requested size: 184.3758pt x 148.81793pt.

Overfull \vbox (3.08551pt too high) has occurred while \output is active []

 [35

 <./assets/Evaluacion/SUS_Score.png>]
Package epstopdf Info: Source file: <assets/Evaluacion/utility.eps>
(epstopdf)                    date: 2020-07-20 15:42:01
(epstopdf)                    size: 778318 bytes
(epstopdf)             Output file: <assets/Evaluacion/utility-eps-converted-to.pdf>
(epstopdf)                    date: 2020-08-16 15:31:43
(epstopdf)                    size: 18042 bytes
(epstopdf)             Command: <epstopdf --outfile=assets/Evaluacion/utility-eps-converted-to.pdf assets/Evaluacion/utility.eps>
(epstopdf)             \includegraphics on input line 515.
Package epstopdf Info: Output file is already uptodate.


pdfTeX warning: pdflatex (file ./assets/Evaluacion/utility-eps-converted-to.pdf): PDF inclusion: found PDF version <1.7>, but at most version <1.5> allowed
<assets/Evaluacion/utility-eps-converted-to.pdf, id=1514, 627.34375pt x 386.44376pt>
File: assets/Evaluacion/utility-eps-converted-to.pdf Graphic file (type pdf)
<use assets/Evaluacion/utility-eps-converted-to.pdf>
Package pdftex.def Info: assets/Evaluacion/utility-eps-converted-to.pdf  used on input line 515.
(pdftex.def)             Requested size: 276.559pt x 170.36598pt.

Overfull \vbox (3.08551pt too high) has occurred while \output is active []

 [36

 <./assets/Evaluacion/utility-eps-converted-to.pdf>]
Package epstopdf Info: Source file: <assets/Evaluacion/manual_utility.eps>
(epstopdf)                    date: 2020-07-20 15:42:43
(epstopdf)                    size: 758866 bytes
(epstopdf)             Output file: <assets/Evaluacion/manual_utility-eps-converted-to.pdf>
(epstopdf)                    date: 2020-08-16 15:31:44
(epstopdf)                    size: 19387 bytes
(epstopdf)             Command: <epstopdf --outfile=assets/Evaluacion/manual_utility-eps-converted-to.pdf assets/Evaluacion/manual_utility.eps>
(epstopdf)             \includegraphics on input line 524.
Package epstopdf Info: Output file is already uptodate.


pdfTeX warning: pdflatex (file ./assets/Evaluacion/manual_utility-eps-converted-to.pdf): PDF inclusion: found PDF version <1.7>, but at most version <1.5> allowed
<assets/Evaluacion/manual_utility-eps-converted-to.pdf, id=1561, 608.2725pt x 386.44376pt>
File: assets/Evaluacion/manual_utility-eps-converted-to.pdf Graphic file (type pdf)
<use assets/Evaluacion/manual_utility-eps-converted-to.pdf>
Package pdftex.def Info: assets/Evaluacion/manual_utility-eps-converted-to.pdf  used on input line 524.
(pdftex.def)             Requested size: 276.559pt x 175.70245pt.

Overfull \vbox (3.08551pt too high) has occurred while \output is active []

 [37

 <./assets/Evaluacion/manual_utility-eps-converted-to.pdf>]
Overfull \vbox (3.08551pt too high) has occurred while \output is active []

 [38

]
Overfull \vbox (3.08551pt too high) has occurred while \output is active []

 [39

]
Overfull \vbox (3.08551pt too high) has occurred while \output is active []

 [40

]
Overfull \vbox (3.08551pt too high) has occurred while \output is active []

 [41

]
Package epstopdf Info: Source file: <assets/Anexo/TournamentSelection.eps>
(epstopdf)                    date: 2020-08-16 17:11:42
(epstopdf)                    size: 2938270 bytes
(epstopdf)             Output file: <assets/Anexo/TournamentSelection-eps-converted-to.pdf>
(epstopdf)                    date: 2020-08-16 17:17:10
(epstopdf)                    size: 130078 bytes
(epstopdf)             Command: <epstopdf --outfile=assets/Anexo/TournamentSelection-eps-converted-to.pdf assets/Anexo/TournamentSelection.eps>
(epstopdf)             \includegraphics on input line 581.
Package epstopdf Info: Output file is already uptodate.


pdfTeX warning: pdflatex (file ./assets/Anexo/TournamentSelection-eps-converted-to.pdf): PDF inclusion: found PDF version <1.7>, but at most version <1.5> allowed
<assets/Anexo/TournamentSelection-eps-converted-to.pdf, id=1745, 1252.68pt x 531.9875pt>
File: assets/Anexo/TournamentSelection-eps-converted-to.pdf Graphic file (type pdf)
<use assets/Anexo/TournamentSelection-eps-converted-to.pdf>
Package pdftex.def Info: assets/Anexo/TournamentSelection-eps-converted-to.pdf  used on input line 581.
(pdftex.def)             Requested size: 307.28987pt x 130.49637pt.

Overfull \vbox (3.08551pt too high) has occurred while \output is active []

 [42

 <./assets/Anexo/TournamentSelection-eps-converted-to.pdf>]
Package epstopdf Info: Source file: <assets/Anexo/UniformSelection.eps>
(epstopdf)                    date: 2020-08-16 17:05:33
(epstopdf)                    size: 3834126 bytes
(epstopdf)             Output file: <assets/Anexo/UniformSelection-eps-converted-to.pdf>
(epstopdf)                    date: 2020-08-16 17:18:00
(epstopdf)                    size: 57750 bytes
(epstopdf)             Command: <epstopdf --outfile=assets/Anexo/UniformSelection-eps-converted-to.pdf assets/Anexo/UniformSelection.eps>
(epstopdf)             \includegraphics on input line 598.
Package epstopdf Info: Output file is already uptodate.


pdfTeX warning: pdflatex (file ./assets/Anexo/UniformSelection-eps-converted-to.pdf): PDF inclusion: found PDF version <1.7>, but at most version <1.5> allowed
<assets/Anexo/UniformSelection-eps-converted-to.pdf, id=1790, 1591.9475pt x 1004.75375pt>
File: assets/Anexo/UniformSelection-eps-converted-to.pdf Graphic file (type pdf)
<use assets/Anexo/UniformSelection-eps-converted-to.pdf>
Package pdftex.def Info: assets/Anexo/UniformSelection-eps-converted-to.pdf  used on input line 598.
(pdftex.def)             Requested size: 153.64493pt x 96.9704pt.

Overfull \vbox (3.08551pt too high) has occurred while \output is active []

 [43

 <./assets/Anexo/UniformSelection-eps-converted-to.pdf>]
Package epstopdf Info: Source file: <assets/Anexo/Crossover.eps>
(epstopdf)                    date: 2020-07-29 11:09:07
(epstopdf)                    size: 121666 bytes
(epstopdf)             Output file: <assets/Anexo/Crossover-eps-converted-to.pdf>
(epstopdf)                    date: 2020-08-16 17:25:44
(epstopdf)                    size: 15977 bytes
(epstopdf)             Command: <epstopdf --outfile=assets/Anexo/Crossover-eps-converted-to.pdf assets/Anexo/Crossover.eps>
(epstopdf)             \includegraphics on input line 609.
Package epstopdf Info: Output file is already uptodate.


pdfTeX warning: pdflatex (file ./assets/Anexo/Crossover-eps-converted-to.pdf): PDF inclusion: found PDF version <1.7>, but at most version <1.5> allowed
<assets/Anexo/Crossover-eps-converted-to.pdf, id=1831, 1230.5975pt x 649.42625pt>
File: assets/Anexo/Crossover-eps-converted-to.pdf Graphic file (type pdf)
<use assets/Anexo/Crossover-eps-converted-to.pdf>
Package pdftex.def Info: assets/Anexo/Crossover-eps-converted-to.pdf  used on input line 609.
(pdftex.def)             Requested size: 307.28987pt x 162.15797pt.

Overfull \vbox (3.08551pt too high) has occurred while \output is active []

 [44

 <./assets/Anexo/Crossover-eps-converted-to.pdf>]
Package epstopdf Info: Source file: <assets/Anexo/Crossover.eps>
(epstopdf)                    date: 2020-07-29 11:09:07
(epstopdf)                    size: 121666 bytes
(epstopdf)             Output file: <assets/Anexo/Crossover-eps-converted-to.pdf>
(epstopdf)                    date: 2020-08-16 17:25:44
(epstopdf)                    size: 15977 bytes
(epstopdf)             Command: <epstopdf --outfile=assets/Anexo/Crossover-eps-converted-to.pdf assets/Anexo/Crossover.eps>
(epstopdf)             \includegraphics on input line 618.
Package epstopdf Info: Output file is already uptodate.
File: assets/Anexo/Crossover-eps-converted-to.pdf Graphic file (type pdf)
<use assets/Anexo/Crossover-eps-converted-to.pdf>
Package pdftex.def Info: assets/Anexo/Crossover-eps-converted-to.pdf  used on input line 618.
(pdftex.def)             Requested size: 307.28987pt x 162.15797pt.

Overfull \vbox (3.08551pt too high) has occurred while \output is active []

 [45

]
Overfull \vbox (3.08551pt too high) has occurred while \output is active []

 [46

]
Overfull \vbox (3.08551pt too high) has occurred while \output is active []

 [47

]
Package epstopdf Info: Source file: <assets/Anexo/representacion_solucion_monoobjetivo.eps>
(epstopdf)                    date: 2020-08-16 17:16:33
(epstopdf)                    size: 1441194 bytes
(epstopdf)             Output file: <assets/Anexo/representacion_solucion_monoobjetivo-eps-converted-to.pdf>
(epstopdf)                    date: 2020-08-16 17:27:59
(epstopdf)                    size: 126467 bytes
(epstopdf)             Command: <epstopdf --outfile=assets/Anexo/representacion_solucion_monoobjetivo-eps-converted-to.pdf assets/Anexo/representacion_solucion_monoobjetivo.eps>
(epstopdf)             \includegraphics on input line 675.
Package epstopdf Info: Output file is already uptodate.


pdfTeX warning: pdflatex (file ./assets/Anexo/representacion_solucion_monoobjetivo-eps-converted-to.pdf): PDF inclusion: found PDF version <1.7>, but at most version <1.5> allowed
<assets/Anexo/representacion_solucion_monoobjetivo-eps-converted-to.pdf, id=1981, 974.64125pt x 238.8925pt>
File: assets/Anexo/representacion_solucion_monoobjetivo-eps-converted-to.pdf Graphic file (type pdf)
<use assets/Anexo/representacion_solucion_monoobjetivo-eps-converted-to.pdf>
Package pdftex.def Info: assets/Anexo/representacion_solucion_monoobjetivo-eps-converted-to.pdf  used on input line 675.
(pdftex.def)             Requested size: 307.28987pt x 75.31714pt.

Overfull \vbox (3.08551pt too high) has occurred while \output is active []

 [48

 <./assets/Anexo/representacion_solucion_monoobjetivo-eps-converted-to.pdf>]
Package epstopdf Info: Source file: <assets/Anexo/representacion_solucion_multiobjetivo.eps>
(epstopdf)                    date: 2020-08-16 17:15:53
(epstopdf)                    size: 2139662 bytes
(epstopdf)             Output file: <assets/Anexo/representacion_solucion_multiobjetivo-eps-converted-to.pdf>
(epstopdf)                    date: 2020-08-16 17:28:02
(epstopdf)                    size: 179400 bytes
(epstopdf)             Command: <epstopdf --outfile=assets/Anexo/representacion_solucion_multiobjetivo-eps-converted-to.pdf assets/Anexo/representacion_solucion_multiobjetivo.eps>
(epstopdf)             \includegraphics on input line 684.
Package epstopdf Info: Output file is already uptodate.


pdfTeX warning: pdflatex (file ./assets/Anexo/representacion_solucion_multiobjetivo-eps-converted-to.pdf): PDF inclusion: found PDF version <1.7>, but at most version <1.5> allowed
<assets/Anexo/representacion_solucion_multiobjetivo-eps-converted-to.pdf, id=2022, 798.985pt x 536.0025pt>
File: assets/Anexo/representacion_solucion_multiobjetivo-eps-converted-to.pdf Graphic file (type pdf)
<use assets/Anexo/representacion_solucion_multiobjetivo-eps-converted-to.pdf>
Package pdftex.def Info: assets/Anexo/representacion_solucion_multiobjetivo-eps-converted-to.pdf  used on input line 684.
(pdftex.def)             Requested size: 239.69734pt x 160.80199pt.

Overfull \vbox (3.08551pt too high) has occurred while \output is active []

 [49

 <./assets/Anexo/representacion_solucion_multiobjetivo-eps-converted-to.pdf>]
\tf@nav=\write6
\openout6 = `presentacion.nav'.

\tf@toc=\write7
\openout7 = `presentacion.toc'.

\tf@snm=\write8
\openout8 = `presentacion.snm'.

Package atveryend Info: Empty hook `BeforeClearDocument' on input line 687.
Package atveryend Info: Empty hook `AfterLastShipout' on input line 687.
 (c:/Users\gsanh\Desktop\Memoria\presentacion\latex\build\presentacion.aux
LaTeX Info: Redefining \. on input line 25.
LaTeX Info: Redefining \% on input line 25.
)
Package atveryend Info: Executing hook `AtVeryEndDocument' on input line 687.
Package atveryend Info: Executing hook `AtEndAfterFileList' on input line 687.
Package rerunfilecheck Info: File `presentacion.out' has not changed.
(rerunfilecheck)             Checksum: 424C27B137EDD7FB6B321E643A91E5BB;1822.
 ) 
Here is how much of TeX's memory you used:
 19702 strings out of 480756
 370009 string characters out of 2910597
 643074 words of memory out of 3000000
 35077 multiletter control sequences out of 15000+200000
 556418 words of font info for 62 fonts, out of 3000000 for 9000
 1141 hyphenation exceptions out of 8191
 58i,20n,68p,856b,605s stack positions out of 5000i,500n,10000p,200000b,50000s
{G:/MiKTeX 2.9/fonts/enc/dvips/base/8r.enc}<G:/MiKTeX 2.9/fonts/type1/public/amsfonts/cmextra/cmex9.pfb><G:/MiKTeX 2.9/fonts/type1/public/amsfonts/cm/cmmi6.pfb><G:/MiKTeX 2.9/fonts/type1/public/amsfonts/cm/cmmi9.pfb><G:/MiKTeX 2.9/fonts/type1/public/amsfonts/cm/cmss8.pfb><G:/MiKTeX 2.9/fonts/type1/public/amsfonts/cm/cmss9.pfb><G:/MiKTeX 2.9/fonts/type1/public/amsfonts/cm/cmsy6.pfb><G:/MiKTeX 2.9/fonts/type1/public/amsfonts/cm/cmsy9.pfb><G:/MiKTeX 2.9/fonts/type1/urw/avantgar/uagd8a.pfb><G:/MiKTeX 2.9/fonts/type1/urw/avantgar/uagk8a.pfb><G:/MiKTeX 2.9/fonts/type1/urw/avantgar/uagko8a.pfb>
Output written on c:/Users\gsanh\Desktop\Memoria\presentacion\latex\build\presentacion.pdf (49 pages, 2166523 bytes).
PDF statistics:
 2127 PDF objects out of 2487 (max. 8388607)
 126 named destinations out of 1000 (max. 500000)
 462 words of extra memory for PDF output out of 10000 (max. 10000000)

