This is pdfTeX, Version 3.14159265-2.6-1.40.20 (MiKTeX 2.9.7140 64-bit) (preloaded format=pdflatex 2019.8.29)  20 JAN 2020 06:47
entering extended mode
**./memoria.tex
(memoria.tex
LaTeX2e <2018-12-01>
(iccmemoria.cls
Document Class: iccmemoria 2005/01/19 v1 Estilo Memoria de Titulo - ICC - UTalc
a (fmeza, jperez)
("G:\MiKTeX 2.9\tex/latex/base\report.cls"
Document Class: report 2018/09/03 v1.4i Standard LaTeX document class
("G:\MiKTeX 2.9\tex/latex/base\fleqn.clo"
File: fleqn.clo 2016/12/29 v1.2b Standard LaTeX option (flush left equations)
\mathindent=\dimen102
Applying: [2015/01/01] Make \[ robust on input line 50.
LaTeX Info: Redefining \[ on input line 51.
Already applied: [0000/00/00] Make \[ robust on input line 62.
Applying: [2015/01/01] Make \] robust on input line 74.
LaTeX Info: Redefining \] on input line 75.
Already applied: [0000/00/00] Make \] robust on input line 83.
)
("G:\MiKTeX 2.9\tex/latex/base\size12.clo"
File: size12.clo 2018/09/03 v1.4i Standard LaTeX file (size option)
)
\c@part=\count80
\c@chapter=\count81
\c@section=\count82
\c@subsection=\count83
\c@subsubsection=\count84
\c@paragraph=\count85
\c@subparagraph=\count86
\c@figure=\count87
\c@table=\count88
\abovecaptionskip=\skip41
\belowcaptionskip=\skip42
\bibindent=\dimen103
)
("G:\MiKTeX 2.9\tex/latex/base\inputenc.sty"
Package: inputenc 2018/08/11 v1.3c Input encoding file
\inpenc@prehook=\toks14
\inpenc@posthook=\toks15

("G:\MiKTeX 2.9\tex/latex/base\latin1.def"
File: latin1.def 2018/08/11 v1.3c Input encoding file
))
("G:\MiKTeX 2.9\tex/generic/babel\babel.sty"
Package: babel 2019/07/19 3.33 The Babel package

("G:\MiKTeX 2.9\tex/generic/babel\switch.def"
File: switch.def 2019/07/19 3.33 Babel switching mechanism
)
*************************************
* Local config file bblopts.cfg used
*
("G:\MiKTeX 2.9\tex/latex/arabi\bblopts.cfg"
File: bblopts.cfg 2005/09/08 v0.1 add Arabic and Farsi to "declared" options of
 babel
)
("G:\MiKTeX 2.9\tex/latex/babel-english\english.ldf"
Language: english 2017/06/06 v3.3r English support from the babel system

("G:\MiKTeX 2.9\tex/generic/babel\babel.def"
File: babel.def 2019/07/19 3.33 Babel common definitions
\babel@savecnt=\count89
\U@D=\dimen104

("G:\MiKTeX 2.9\tex/generic/babel\txtbabel.def")
\bbl@dirlevel=\count90
)
\l@canadian = a dialect from \language\l@american 
\l@australian = a dialect from \language\l@british 
\l@newzealand = a dialect from \language\l@british 
)
("G:\MiKTeX 2.9\tex/latex/babel-spanish\spanish.ldf"
Language: spanish.ldf 2016/03/03 v5.0p Spanish support from the babel system
\es@quottoks=\toks16
\es@quotdepth=\count91
Package babel Info: Making " an active character on input line 561.
Package babel Info: Making . an active character on input line 662.
Package babel Info: Making < an active character on input line 707.
Package babel Info: Making > an active character on input line 707.
))
("G:\MiKTeX 2.9\tex/latex/graphics\graphicx.sty"
Package: graphicx 2017/06/01 v1.1a Enhanced LaTeX Graphics (DPC,SPQR)

("G:\MiKTeX 2.9\tex/latex/graphics\keyval.sty"
Package: keyval 2014/10/28 v1.15 key=value parser (DPC)
\KV@toks@=\toks17
)
("G:\MiKTeX 2.9\tex/latex/graphics\graphics.sty"
Package: graphics 2017/06/25 v1.2c Standard LaTeX Graphics (DPC,SPQR)

("G:\MiKTeX 2.9\tex/latex/graphics\trig.sty"
Package: trig 2016/01/03 v1.10 sin cos tan (DPC)
)
("G:\MiKTeX 2.9\tex/latex/graphics-cfg\graphics.cfg"
File: graphics.cfg 2016/06/04 v1.11 sample graphics configuration
)
Package graphics Info: Driver file: pdftex.def on input line 99.

("G:\MiKTeX 2.9\tex/latex/graphics-def\pdftex.def"
File: pdftex.def 2018/01/08 v1.0l Graphics/color driver for pdftex
))
\Gin@req@height=\dimen105
\Gin@req@width=\dimen106
)
("G:\MiKTeX 2.9\tex/latex/setspace\setspace.sty"
Package: setspace 2011/12/19 v6.7a set line spacing
)
LaTeX Info: Redefining \. on input line 15.
LaTeX Info: Redefining \% on input line 15.
\realleftmargin=\dimen107
\realrightmargin=\dimen108
\realtopmargin=\dimen109
\realbottommargin=\dimen110
\realheadpos=\dimen111
)
(C:\Users\gsanh\Desktop\Memoria\memoria_doc_final\build\memoria.aux
LaTeX Info: Redefining \. on input line 7.
LaTeX Info: Redefining \% on input line 7.
LaTeX Info: Redefining \. on input line 8.
LaTeX Info: Redefining \% on input line 8.
)
\openout1 = `memoria.aux'.

LaTeX Font Info:    Checking defaults for OML/cmm/m/it on input line 16.
LaTeX Font Info:    ... okay on input line 16.
LaTeX Font Info:    Checking defaults for T1/cmr/m/n on input line 16.
LaTeX Font Info:    ... okay on input line 16.
LaTeX Font Info:    Checking defaults for OT1/cmr/m/n on input line 16.
LaTeX Font Info:    ... okay on input line 16.
LaTeX Font Info:    Checking defaults for OMS/cmsy/m/n on input line 16.
LaTeX Font Info:    ... okay on input line 16.
LaTeX Font Info:    Checking defaults for OMX/cmex/m/n on input line 16.
LaTeX Font Info:    ... okay on input line 16.
LaTeX Font Info:    Checking defaults for U/cmr/m/n on input line 16.
LaTeX Font Info:    ... okay on input line 16.
LaTeX Info: Redefining \. on input line 16.
LaTeX Info: Redefining \% on input line 16.

("G:\MiKTeX 2.9\tex/context/base/mkii\supp-pdf.mkii"
[Loading MPS to PDF converter (version 2006.09.02).]
\scratchcounter=\count92
\scratchdimen=\dimen112
\scratchbox=\box27
\nofMPsegments=\count93
\nofMParguments=\count94
\everyMPshowfont=\toks18
\MPscratchCnt=\count95
\MPscratchDim=\dimen113
\MPnumerator=\count96
\makeMPintoPDFobject=\count97
\everyMPtoPDFconversion=\toks19
) ("G:\MiKTeX 2.9\tex/latex/oberdiek\epstopdf-base.sty"
Package: epstopdf-base 2016/05/15 v2.6 Base part for package epstopdf

("G:\MiKTeX 2.9\tex/generic/oberdiek\infwarerr.sty"
Package: infwarerr 2016/05/16 v1.4 Providing info/warning/error messages (HO)
)
("G:\MiKTeX 2.9\tex/latex/oberdiek\grfext.sty"
Package: grfext 2016/05/16 v1.2 Manage graphics extensions (HO)

("G:\MiKTeX 2.9\tex/generic/oberdiek\kvdefinekeys.sty"
Package: kvdefinekeys 2016/05/16 v1.4 Define keys (HO)

("G:\MiKTeX 2.9\tex/generic/oberdiek\ltxcmds.sty"
Package: ltxcmds 2016/05/16 v1.23 LaTeX kernel commands for general use (HO)
)))
("G:\MiKTeX 2.9\tex/latex/oberdiek\kvoptions.sty"
Package: kvoptions 2016/05/16 v3.12 Key value format for package options (HO)

("G:\MiKTeX 2.9\tex/generic/oberdiek\kvsetkeys.sty"
Package: kvsetkeys 2016/05/16 v1.17 Key value parser (HO)

("G:\MiKTeX 2.9\tex/generic/oberdiek\etexcmds.sty"
Package: etexcmds 2016/05/16 v1.6 Avoid name clashes with e-TeX commands (HO)

("G:\MiKTeX 2.9\tex/generic/oberdiek\ifluatex.sty"
Package: ifluatex 2016/05/16 v1.4 Provides the ifluatex switch (HO)
Package ifluatex Info: LuaTeX not detected.
))))
("G:\MiKTeX 2.9\tex/generic/oberdiek\pdftexcmds.sty"
Package: pdftexcmds 2019/07/25 v0.30 Utility functions of pdfTeX for LuaTeX (HO
)

("G:\MiKTeX 2.9\tex/generic/oberdiek\ifpdf.sty"
Package: ifpdf 2018/09/07 v3.3 Provides the ifpdf switch
)
Package pdftexcmds Info: LuaTeX not detected.
Package pdftexcmds Info: \pdf@primitive is available.
Package pdftexcmds Info: \pdf@ifprimitive is available.
Package pdftexcmds Info: \pdfdraftmode found.
)
Package epstopdf-base Info: Redefining graphics rule for `.eps' on input line 4
38.
Package grfext Info: Graphics extension search list:
(grfext)             [.pdf,.png,.jpg,.mps,.jpeg,.jbig2,.jb2,.PDF,.PNG,.JPG,.JPE
G,.JBIG2,.JB2,.eps]
(grfext)             \AppendGraphicsExtensions on input line 456.
)
Package epstopdf Info: Source file: <utalca1.eps>
(epstopdf)                    date: 2019-11-30 01:33:06
(epstopdf)                    size: 24156 bytes
(epstopdf)             Output file: <utalca1-eps-converted-to.pdf>
(epstopdf)                    date: 2020-01-19 09:23:46
(epstopdf)                    size: 9271 bytes
(epstopdf)             Command: <epstopdf --outfile=utalca1-eps-converted-to.pd
f utalca1.eps>
(epstopdf)             \includegraphics on input line 19.
Package epstopdf Info: Output file is already uptodate.


pdfTeX warning: pdflatex.exe (file ./utalca1-eps-converted-to.pdf): PDF inclusi
on: found PDF version <1.7>, but at most version <1.5> allowed
<utalca1-eps-converted-to.pdf, id=1, 107.40125pt x 135.50626pt>
File: utalca1-eps-converted-to.pdf Graphic file (type pdf)
<use utalca1-eps-converted-to.pdf>
Package pdftex.def Info: utalca1-eps-converted-to.pdf  used on input line 19.
(pdftex.def)             Requested size: 107.40097pt x 135.5059pt.

Underfull \hbox (badness 10000) in paragraph at lines 19--19

 []

LaTeX Font Info:    External font `cmex10' loaded for size
(Font)              <12> on input line 19.
LaTeX Font Info:    External font `cmex10' loaded for size
(Font)              <8> on input line 19.
LaTeX Font Info:    External font `cmex10' loaded for size
(Font)              <6> on input line 19.
[-1


Non-PDF special ignored!
<special> papersize=8.5in,11in
{C:/Users/gsanh/AppData/Local/MiKTeX/2.9/pdftex/config/pdftex.map} <./utalca1-e
ps-converted-to.pdf>]
Package epstopdf Info: Source file: <utalca1.eps>
(epstopdf)                    date: 2019-11-30 01:33:06
(epstopdf)                    size: 24156 bytes
(epstopdf)             Output file: <utalca1-eps-converted-to.pdf>
(epstopdf)                    date: 2020-01-19 09:23:46
(epstopdf)                    size: 9271 bytes
(epstopdf)             Command: <epstopdf --outfile=utalca1-eps-converted-to.pd
f utalca1.eps>
(epstopdf)             \includegraphics on input line 19.
Package epstopdf Info: Output file is already uptodate.
File: utalca1-eps-converted-to.pdf Graphic file (type pdf)
<use utalca1-eps-converted-to.pdf>
Package pdftex.def Info: utalca1-eps-converted-to.pdf  used on input line 19.
(pdftex.def)             Requested size: 107.40097pt x 135.5059pt.

Underfull \hbox (badness 10000) in paragraph at lines 19--19

 []


Underfull \hbox (badness 10000) in paragraph at lines 19--19

 []

[0] [1] [2] (C:\Users\gsanh\Desktop\Memoria\memoria_doc_final\build\memoria.toc
LaTeX Info: Redefining \. on input line 1.
LaTeX Info: Redefining \% on input line 1.
LaTeX Info: Redefining \. on input line 2.
LaTeX Info: Redefining \% on input line 2.

LaTeX Font Warning: Font shape `OT1/cmr/bx/sc' undefined
(Font)              using `OT1/cmr/bx/n' instead on input line 3.


Package spanish Warning: Replacing `OT1/cmr/bx/sc' by 
(spanish)                faked small caps on input line 3.


Package spanish Warning: Replacing `OT1/cmr/bx/sc' by 
(spanish)                faked small caps on input line 4.


Package spanish Warning: Replacing `OT1/cmr/bx/sc' by 
(spanish)                faked small caps on input line 5.


Package spanish Warning: Replacing `OT1/cmr/bx/sc' by 
(spanish)                faked small caps on input line 6.


Package spanish Warning: Replacing `OT1/cmr/bx/sc' by 
(spanish)                faked small caps on input line 7.


Package spanish Warning: Replacing `OT1/cmr/bx/sc' by 
(spanish)                faked small caps on input line 8.

[3])
\tf@toc=\write3
\openout3 = `memoria.toc'.

 [4] (C:\Users\gsanh\Desktop\Memoria\memoria_doc_final\build\memoria.lof
LaTeX Info: Redefining \. on input line 1.
LaTeX Info: Redefining \% on input line 1.
LaTeX Info: Redefining \. on input line 2.
LaTeX Info: Redefining \% on input line 2.
)
\tf@lof=\write4
\openout4 = `memoria.lof'.


[5] (C:\Users\gsanh\Desktop\Memoria\memoria_doc_final\build\memoria.lot
LaTeX Info: Redefining \. on input line 1.
LaTeX Info: Redefining \% on input line 1.
LaTeX Info: Redefining \. on input line 2.
LaTeX Info: Redefining \% on input line 2.
)
\tf@lot=\write5
\openout5 = `memoria.lot'.


[6] [7]
Cap\'{\i }tulo 1.

Underfull \hbox (badness 10000) detected at line 56
\OT1/cmr/bx/n/24.88 1.
 []

[8

]
LaTeX Info: Redefining \. on input line 91.
LaTeX Info: Redefining \% on input line 91.
 [9]
LaTeX Info: Redefining \. on input line 107.
LaTeX Info: Redefining \% on input line 107.
 [10]
LaTeX Info: Redefining \. on input line 116.
LaTeX Info: Redefining \% on input line 116.
 [11]
Cap\'{\i }tulo 2.

Underfull \hbox (badness 10000) detected at line 116
\OT1/cmr/bx/n/24.88 2.
 []

[12

]
Package epstopdf Info: Source file: <componentesfisicosred.eps>
(epstopdf)                    date: 2020-01-20 06:33:36
(epstopdf)                    size: 725398 bytes
(epstopdf)             Output file: <componentesfisicosred-eps-converted-to.pdf
>
(epstopdf)                    date: 2020-01-20 06:33:42
(epstopdf)                    size: 21059 bytes
(epstopdf)             Command: <epstopdf --outfile=componentesfisicosred-eps-c
onverted-to.pdf componentesfisicosred.eps>
(epstopdf)             \includegraphics on input line 140.
Package epstopdf Info: Output file is already uptodate.


pdfTeX warning: pdflatex.exe (file ./componentesfisicosred-eps-converted-to.pdf
): PDF inclusion: found PDF version <1.7>, but at most version <1.5> allowed
<componentesfisicosred-eps-converted-to.pdf, id=56, 383.4325pt x 239.89626pt>
File: componentesfisicosred-eps-converted-to.pdf Graphic file (type pdf)
<use componentesfisicosred-eps-converted-to.pdf>
Package pdftex.def Info: componentesfisicosred-eps-converted-to.pdf  used on in
put line 140.
(pdftex.def)             Requested size: 383.43156pt x 239.89566pt.

LaTeX Warning: `h' float specifier changed to `ht'.

LaTeX Info: Redefining \. on input line 153.
LaTeX Info: Redefining \% on input line 153.
[13]
LaTeX Info: Redefining \. on input line 161.
LaTeX Info: Redefining \% on input line 161.
 [14 <./componentesfisicosred-eps-converted-to.pdf>]
LaTeX Info: Redefining \. on input line 178.
LaTeX Info: Redefining \% on input line 178.
 [15]
LaTeX Info: Redefining \. on input line 186.
LaTeX Info: Redefining \% on input line 186.
 [16]
Cap\'{\i }tulo 3.

Underfull \hbox (badness 10000) detected at line 186
\OT1/cmr/bx/n/24.88 3.
 []

Package pdftex.def Info: Option `bb' equivalent to `viewport' with pdftex drive
r on input line 190.
Package epstopdf Info: Source file: <utalca1.eps>
(epstopdf)                    date: 2019-11-30 01:33:06
(epstopdf)                    size: 24156 bytes
(epstopdf)             Output file: <utalca1-eps-converted-to.pdf>
(epstopdf)                    date: 2020-01-19 09:23:46
(epstopdf)                    size: 9271 bytes
(epstopdf)             Command: <epstopdf --outfile=utalca1-eps-converted-to.pd
f utalca1.eps>
(epstopdf)             \includegraphics on input line 190.
Package epstopdf Info: Output file is already uptodate.
File: utalca1-eps-converted-to.pdf Graphic file (type pdf)
<use utalca1-eps-converted-to.pdf>
Package pdftex.def Info: utalca1-eps-converted-to.pdf  used on input line 190.
(pdftex.def)             Requested size: 214.67604pt x 161.00923pt.
[17

]
Cap\'{\i }tulo 4.

Underfull \hbox (badness 10000) detected at line 201
\OT1/cmr/bx/n/24.88 4.
 []

[18

]
Cap\'{\i }tulo 5.

Underfull \hbox (badness 10000) detected at line 203
\OT1/cmr/bx/n/24.88 5.
 []

[19

] (C:\Users\gsanh\Desktop\Memoria\memoria_doc_final\build\memoria.bbl
[20]
LaTeX Font Info:    Try loading font information for OMS+cmr on input line 21.
 ("G:\MiKTeX 2.9\tex/latex/base\omscmr.fd"
File: omscmr.fd 2014/09/29 v2.5h Standard LaTeX font definitions
)
LaTeX Font Info:    Font shape `OMS/cmr/m/n' in size <12> not available
(Font)              Font shape `OMS/cmsy/m/n' tried instead on input line 21.
) [21] [22

]
Overfull \hbox (0.45876pt too wide) detected at line 219
\OT1/cmr/bx/n/24.88 A.
 []

[23

]
Underfull \hbox (badness 10000) detected at line 232
\OT1/cmr/bx/n/24.88 B.
 []

[24

] (C:\Users\gsanh\Desktop\Memoria\memoria_doc_final\build\memoria.aux
LaTeX Info: Redefining \. on input line 7.
LaTeX Info: Redefining \% on input line 7.
LaTeX Info: Redefining \. on input line 8.
LaTeX Info: Redefining \% on input line 8.
)

LaTeX Font Warning: Some font shapes were not available, defaults substituted.

 ) 
Here is how much of TeX's memory you used:
 2636 strings out of 492895
 36793 string characters out of 3139975
 114354 words of memory out of 3000000
 6503 multiletter control sequences out of 15000+200000
 9809 words of font info for 34 fonts, out of 3000000 for 9000
 1141 hyphenation exceptions out of 8191
 41i,6n,33p,715b,408s stack positions out of 5000i,500n,10000p,200000b,50000s
<G:/MiKTeX 2.9/fonts/type1/public/amsfonts/cm/cmbx12.pfb><G:/MiKTeX 2.9/fonts
/type1/public/amsfonts/cm/cmbx8.pfb><G:/MiKTeX 2.9/fonts/type1/public/amsfonts/
cm/cmcsc10.pfb><G:/MiKTeX 2.9/fonts/type1/public/amsfonts/cm/cmmi12.pfb><G:/MiK
TeX 2.9/fonts/type1/public/amsfonts/cm/cmmi8.pfb><G:/MiKTeX 2.9/fonts/type1/pub
lic/amsfonts/cm/cmr12.pfb><G:/MiKTeX 2.9/fonts/type1/public/amsfonts/cm/cmr8.pf
b><G:/MiKTeX 2.9/fonts/type1/public/amsfonts/cm/cmsl12.pfb><G:/MiKTeX 2.9/fonts
/type1/public/amsfonts/cm/cmsy10.pfb><G:/MiKTeX 2.9/fonts/type1/public/amsfonts
/cm/cmti12.pfb>
Output written on memoria.pdf (26 pages, 181010 bytes).
PDF statistics:
 144 PDF objects out of 1000 (max. 8388607)
 0 named destinations out of 1000 (max. 500000)
 11 words of extra memory for PDF output out of 10000 (max. 10000000)

